[ 2016-08-03T15:01:07+08:00 ] 115.201.122.57 /Wechat/index.php/Home/Index/share
INFO: [ app_init ] --START--
INFO: Run Behavior\BuildLiteBehavior [ RunTime:0.000018s ]
INFO: [ app_init ] --END-- [ RunTime:0.000427s ]
NOTIC: [8] Undefined variable: s /data/home/qxu1606460108/htdocs/Wechat/Application/Common/Conf/const.php 第 14 行.
NOTIC: [8] Undefined variable: s /data/home/qxu1606460108/htdocs/Wechat/Application/Common/Conf/const.php 第 17 行.
NOTIC: [8] Undefined variable: s /data/home/qxu1606460108/htdocs/Wechat/Application/Common/Conf/const.php 第 19 行.
INFO: [ app_begin ] --START--
INFO: Run Behavior\ReadHtmlCacheBehavior [ RunTime:0.000646s ]
INFO: [ app_begin ] --END-- [ RunTime:0.000707s ]
NOTIC: [2] curl_errno(): 26 is not a valid cURL handle resource /data/home/qxu1606460108/htdocs/Wechat/Application/Home/Controller/IndexController.class.php 第 154 行.
NOTIC: [2] curl_errno(): 27 is not a valid cURL handle resource /data/home/qxu1606460108/htdocs/Wechat/Application/Home/Controller/IndexController.class.php 第 154 行.
NOTIC: [8] Undefined variable: signature /data/home/qxu1606460108/htdocs/Wechat/Application/Home/Controller/IndexController.class.php 第 362 行.
INFO: [ view_parse ] --START--
INFO: [ template_filter ] --START--
INFO: Run Behavior\ContentReplaceBehavior [ RunTime:0.000060s ]
INFO: [ template_filter ] --END-- [ RunTime:0.000121s ]
NOTIC: [8] Undefined variable: signature2 /data/home/qxu1606460108/htdocs/Wechat/Application/Runtime/Cache/Home/b813aae94b2ddf4a4ed7e36f5c3a1a86.php 第 63 行.
INFO: Run Behavior\ParseTemplateBehavior [ RunTime:0.021012s ]
INFO: [ view_parse ] --END-- [ RunTime:0.021057s ]
INFO: [ view_filter ] --START--
INFO: Run Behavior\WriteHtmlCacheBehavior [ RunTime:0.000253s ]
INFO: [ view_filter ] --END-- [ RunTime:0.000293s ]
NOTIC: [2] Cannot modify header information - headers already sent by (output started at /data/home/qxu1606460108/htdocs/Wechat/Application/Home/Controller/IndexController.class.php:178) /data/home/qxu1606460108/htdocs/Wechat/ThinkPHP/Library/Think/View.class.php 第 91 行.
NOTIC: [2] Cannot modify header information - headers already sent by (output started at /data/home/qxu1606460108/htdocs/Wechat/Application/Home/Controller/IndexController.class.php:178) /data/home/qxu1606460108/htdocs/Wechat/ThinkPHP/Library/Think/View.class.php 第 92 行.
NOTIC: [2] Cannot modify header information - headers already sent by (output started at /data/home/qxu1606460108/htdocs/Wechat/Application/Home/Controller/IndexController.class.php:178) /data/home/qxu1606460108/htdocs/Wechat/ThinkPHP/Library/Think/View.class.php 第 93 行.
INFO: [ app_end ] --START--
INFO: Run Behavior\ShowPageTraceBehavior [ RunTime:0.000555s ]
INFO: [ app_end ] --END-- [ RunTime:0.000602s ]

[ 2016-08-03T15:05:10+08:00 ] 115.201.122.57 /Wechat/index.php/Home/Index/share
INFO: [ app_init ] --START--
INFO: Run Behavior\BuildLiteBehavior [ RunTime:0.000018s ]
INFO: [ app_init ] --END-- [ RunTime:0.000412s ]
NOTIC: [8] Undefined variable: s /data/home/qxu1606460108/htdocs/Wechat/Application/Common/Conf/const.php 第 14 行.
NOTIC: [8] Undefined variable: s /data/home/qxu1606460108/htdocs/Wechat/Application/Common/Conf/const.php 第 17 行.
NOTIC: [8] Undefined variable: s /data/home/qxu1606460108/htdocs/Wechat/Application/Common/Conf/const.php 第 19 行.
INFO: [ app_begin ] --START--
INFO: Run Behavior\ReadHtmlCacheBehavior [ RunTime:0.000627s ]
INFO: [ app_begin ] --END-- [ RunTime:0.000679s ]
NOTIC: [8] Undefined variable: signature /data/home/qxu1606460108/htdocs/Wechat/Application/Home/Controller/IndexController.class.php 第 362 行.
INFO: [ view_parse ] --START--
INFO: [ template_filter ] --START--
INFO: Run Behavior\ContentReplaceBehavior [ RunTime:0.000050s ]
INFO: [ template_filter ] --END-- [ RunTime:0.000104s ]
NOTIC: [8] Undefined variable: signature2 /data/home/qxu1606460108/htdocs/Wechat/Application/Runtime/Cache/Home/b813aae94b2ddf4a4ed7e36f5c3a1a86.php 第 63 行.
INFO: Run Behavior\ParseTemplateBehavior [ RunTime:0.005688s ]
INFO: [ view_parse ] --END-- [ RunTime:0.005737s ]
INFO: [ view_filter ] --START--
INFO: Run Behavior\WriteHtmlCacheBehavior [ RunTime:0.000251s ]
INFO: [ view_filter ] --END-- [ RunTime:0.000294s ]
NOTIC: [2] Cannot modify header information - headers already sent by (output started at /data/home/qxu1606460108/htdocs/Wechat/Application/Home/Controller/IndexController.class.php:365) /data/home/qxu1606460108/htdocs/Wechat/ThinkPHP/Library/Think/View.class.php 第 91 行.
NOTIC: [2] Cannot modify header information - headers already sent by (output started at /data/home/qxu1606460108/htdocs/Wechat/Application/Home/Controller/IndexController.class.php:365) /data/home/qxu1606460108/htdocs/Wechat/ThinkPHP/Library/Think/View.class.php 第 92 行.
NOTIC: [2] Cannot modify header information - headers already sent by (output started at /data/home/qxu1606460108/htdocs/Wechat/Application/Home/Controller/IndexController.class.php:365) /data/home/qxu1606460108/htdocs/Wechat/ThinkPHP/Library/Think/View.class.php 第 93 行.
INFO: [ app_end ] --START--
INFO: Run Behavior\ShowPageTraceBehavior [ RunTime:0.000531s ]
INFO: [ app_end ] --END-- [ RunTime:0.000579s ]

[ 2016-08-03T15:07:29+08:00 ] 115.201.122.57 /Wechat/index.php/Home/Index/share
INFO: [ app_init ] --START--
INFO: Run Behavior\BuildLiteBehavior [ RunTime:0.000018s ]
INFO: [ app_init ] --END-- [ RunTime:0.000406s ]
NOTIC: [8] Undefined variable: s /data/home/qxu1606460108/htdocs/Wechat/Application/Common/Conf/const.php 第 14 行.
NOTIC: [8] Undefined variable: s /data/home/qxu1606460108/htdocs/Wechat/Application/Common/Conf/const.php 第 17 行.
NOTIC: [8] Undefined variable: s /data/home/qxu1606460108/htdocs/Wechat/Application/Common/Conf/const.php 第 19 行.
INFO: [ app_begin ] --START--
INFO: Run Behavior\ReadHtmlCacheBehavior [ RunTime:0.000607s ]
INFO: [ app_begin ] --END-- [ RunTime:0.000663s ]
NOTIC: [2] curl_errno(): 26 is not a valid cURL handle resource /data/home/qxu1606460108/htdocs/Wechat/Application/Home/Controller/IndexController.class.php 第 154 行.
NOTIC: [2] curl_errno(): 27 is not a valid cURL handle resource /data/home/qxu1606460108/htdocs/Wechat/Application/Home/Controller/IndexController.class.php 第 154 行.
NOTIC: [8] Undefined variable: signature /data/home/qxu1606460108/htdocs/Wechat/Application/Home/Controller/IndexController.class.php 第 362 行.
INFO: [ view_parse ] --START--
INFO: [ template_filter ] --START--
INFO: Run Behavior\ContentReplaceBehavior [ RunTime:0.000056s ]
INFO: [ template_filter ] --END-- [ RunTime:0.000133s ]
NOTIC: [8] Undefined variable: signature2 /data/home/qxu1606460108/htdocs/Wechat/Application/Runtime/Cache/Home/b813aae94b2ddf4a4ed7e36f5c3a1a86.php 第 63 行.
INFO: Run Behavior\ParseTemplateBehavior [ RunTime:0.006037s ]
INFO: [ view_parse ] --END-- [ RunTime:0.006090s ]
INFO: [ view_filter ] --START--
INFO: Run Behavior\WriteHtmlCacheBehavior [ RunTime:0.000254s ]
INFO: [ view_filter ] --END-- [ RunTime:0.000296s ]
NOTIC: [2] Cannot modify header information - headers already sent by (output started at /data/home/qxu1606460108/htdocs/Wechat/Application/Home/Controller/IndexController.class.php:178) /data/home/qxu1606460108/htdocs/Wechat/ThinkPHP/Library/Think/View.class.php 第 91 行.
NOTIC: [2] Cannot modify header information - headers already sent by (output started at /data/home/qxu1606460108/htdocs/Wechat/Application/Home/Controller/IndexController.class.php:178) /data/home/qxu1606460108/htdocs/Wechat/ThinkPHP/Library/Think/View.class.php 第 92 行.
NOTIC: [2] Cannot modify header information - headers already sent by (output started at /data/home/qxu1606460108/htdocs/Wechat/Application/Home/Controller/IndexController.class.php:178) /data/home/qxu1606460108/htdocs/Wechat/ThinkPHP/Library/Think/View.class.php 第 93 行.
INFO: [ app_end ] --START--
INFO: Run Behavior\ShowPageTraceBehavior [ RunTime:0.000548s ]
INFO: [ app_end ] --END-- [ RunTime:0.000597s ]

[ 2016-08-03T15:09:30+08:00 ] 115.201.122.57 /Wechat/index.php/Home/Index/share
INFO: [ app_init ] --START--
INFO: Run Behavior\BuildLiteBehavior [ RunTime:0.000017s ]
INFO: [ app_init ] --END-- [ RunTime:0.000409s ]
NOTIC: [8] Undefined variable: s /data/home/qxu1606460108/htdocs/Wechat/Application/Common/Conf/const.php 第 14 行.
NOTIC: [8] Undefined variable: s /data/home/qxu1606460108/htdocs/Wechat/Application/Common/Conf/const.php 第 17 行.
NOTIC: [8] Undefined variable: s /data/home/qxu1606460108/htdocs/Wechat/Application/Common/Conf/const.php 第 19 行.
INFO: [ app_begin ] --START--
INFO: Run Behavior\ReadHtmlCacheBehavior [ RunTime:0.000635s ]
INFO: [ app_begin ] --END-- [ RunTime:0.000689s ]
NOTIC: [8] Undefined variable: signature /data/home/qxu1606460108/htdocs/Wechat/Application/Home/Controller/IndexController.class.php 第 362 行.
INFO: [ view_parse ] --START--
INFO: [ template_filter ] --START--
INFO: Run Behavior\ContentReplaceBehavior [ RunTime:0.000056s ]
INFO: [ template_filter ] --END-- [ RunTime:0.000111s ]
NOTIC: [8] Undefined variable: signature2 /data/home/qxu1606460108/htdocs/Wechat/Application/Runtime/Cache/Home/b813aae94b2ddf4a4ed7e36f5c3a1a86.php 第 63 行.
INFO: Run Behavior\ParseTemplateBehavior [ RunTime:0.005762s ]
INFO: [ view_parse ] --END-- [ RunTime:0.005809s ]
INFO: [ view_filter ] --START--
INFO: Run Behavior\WriteHtmlCacheBehavior [ RunTime:0.000245s ]
INFO: [ view_filter ] --END-- [ RunTime:0.000295s ]
NOTIC: [2] Cannot modify header information - headers already sent by (output started at /data/home/qxu1606460108/htdocs/Wechat/Application/Home/Controller/IndexController.class.php:365) /data/home/qxu1606460108/htdocs/Wechat/ThinkPHP/Library/Think/View.class.php 第 91 行.
NOTIC: [2] Cannot modify header information - headers already sent by (output started at /data/home/qxu1606460108/htdocs/Wechat/Application/Home/Controller/IndexController.class.php:365) /data/home/qxu1606460108/htdocs/Wechat/ThinkPHP/Library/Think/View.class.php 第 92 行.
NOTIC: [2] Cannot modify header information - headers already sent by (output started at /data/home/qxu1606460108/htdocs/Wechat/Application/Home/Controller/IndexController.class.php:365) /data/home/qxu1606460108/htdocs/Wechat/ThinkPHP/Library/Think/View.class.php 第 93 行.
INFO: [ app_end ] --START--
INFO: Run Behavior\ShowPageTraceBehavior [ RunTime:0.000567s ]
INFO: [ app_end ] --END-- [ RunTime:0.000617s ]

[ 2016-08-03T15:10:14+08:00 ] 115.201.122.57 /Wechat/index.php/Home/Index/share
INFO: [ app_init ] --START--
INFO: Run Behavior\BuildLiteBehavior [ RunTime:0.000037s ]
INFO: [ app_init ] --END-- [ RunTime:0.000422s ]
NOTIC: [8] Undefined variable: s /data/home/qxu1606460108/htdocs/Wechat/Application/Common/Conf/const.php 第 14 行.
NOTIC: [8] Undefined variable: s /data/home/qxu1606460108/htdocs/Wechat/Application/Common/Conf/const.php 第 17 行.
NOTIC: [8] Undefined variable: s /data/home/qxu1606460108/htdocs/Wechat/Application/Common/Conf/const.php 第 19 行.
INFO: [ app_begin ] --START--
INFO: Run Behavior\ReadHtmlCacheBehavior [ RunTime:0.000698s ]
INFO: [ app_begin ] --END-- [ RunTime:0.000763s ]
NOTIC: [8] Undefined variable: signature /data/home/qxu1606460108/htdocs/Wechat/Application/Home/Controller/IndexController.class.php 第 362 行.
INFO: [ view_parse ] --START--
INFO: [ template_filter ] --START--
INFO: Run Behavior\ContentReplaceBehavior [ RunTime:0.000048s ]
INFO: [ template_filter ] --END-- [ RunTime:0.000101s ]
NOTIC: [8] Undefined variable: signature2 /data/home/qxu1606460108/htdocs/Wechat/Application/Runtime/Cache/Home/b813aae94b2ddf4a4ed7e36f5c3a1a86.php 第 63 行.
INFO: Run Behavior\ParseTemplateBehavior [ RunTime:0.005711s ]
INFO: [ view_parse ] --END-- [ RunTime:0.005766s ]
INFO: [ view_filter ] --START--
INFO: Run Behavior\WriteHtmlCacheBehavior [ RunTime:0.000267s ]
INFO: [ view_filter ] --END-- [ RunTime:0.000306s ]
NOTIC: [2] Cannot modify header information - headers already sent by (output started at /data/home/qxu1606460108/htdocs/Wechat/Application/Home/Controller/IndexController.class.php:365) /data/home/qxu1606460108/htdocs/Wechat/ThinkPHP/Library/Think/View.class.php 第 91 行.
NOTIC: [2] Cannot modify header information - headers already sent by (output started at /data/home/qxu1606460108/htdocs/Wechat/Application/Home/Controller/IndexController.class.php:365) /data/home/qxu1606460108/htdocs/Wechat/ThinkPHP/Library/Think/View.class.php 第 92 行.
NOTIC: [2] Cannot modify header information - headers already sent by (output started at /data/home/qxu1606460108/htdocs/Wechat/Application/Home/Controller/IndexController.class.php:365) /data/home/qxu1606460108/htdocs/Wechat/ThinkPHP/Library/Think/View.class.php 第 93 行.
INFO: [ app_end ] --START--
INFO: Run Behavior\ShowPageTraceBehavior [ RunTime:0.000540s ]
INFO: [ app_end ] --END-- [ RunTime:0.000585s ]

[ 2016-08-03T15:15:47+08:00 ] 115.201.122.57 /Wechat/index.php/Home/Index/share
INFO: [ app_init ] --START--
INFO: Run Behavior\BuildLiteBehavior [ RunTime:0.000022s ]
INFO: [ app_init ] --END-- [ RunTime:0.000426s ]
NOTIC: [8] Undefined variable: s /data/home/qxu1606460108/htdocs/Wechat/Application/Common/Conf/const.php 第 14 行.
NOTIC: [8] Undefined variable: s /data/home/qxu1606460108/htdocs/Wechat/Application/Common/Conf/const.php 第 17 行.
NOTIC: [8] Undefined variable: s /data/home/qxu1606460108/htdocs/Wechat/Application/Common/Conf/const.php 第 19 行.
INFO: [ app_begin ] --START--
INFO: Run Behavior\ReadHtmlCacheBehavior [ RunTime:0.000657s ]
INFO: [ app_begin ] --END-- [ RunTime:0.000712s ]
NOTIC: [8] Undefined variable: signature /data/home/qxu1606460108/htdocs/Wechat/Application/Home/Controller/IndexController.class.php 第 362 行.
ERR: 模板不存在:./Application/Home/View/Index/share.html
NOTIC: [2] Cannot modify header information - headers already sent by (output started at /data/home/qxu1606460108/htdocs/Wechat/Application/Home/Controller/IndexController.class.php:365) /data/home/qxu1606460108/htdocs/Wechat/ThinkPHP/Library/Think/Think.class.php 第 229 行.
NOTIC: [2] Cannot modify header information - headers already sent by (output started at /data/home/qxu1606460108/htdocs/Wechat/Application/Home/Controller/IndexController.class.php:365) /data/home/qxu1606460108/htdocs/Wechat/ThinkPHP/Library/Think/Think.class.php 第 230 行.

[ 2016-08-03T15:16:27+08:00 ] 115.201.122.57 /Wechat/index.php/Home/Index/share
INFO: [ app_init ] --START--
INFO: Run Behavior\BuildLiteBehavior [ RunTime:0.000017s ]
INFO: [ app_init ] --END-- [ RunTime:0.000414s ]
NOTIC: [8] Undefined variable: s /data/home/qxu1606460108/htdocs/Wechat/Application/Common/Conf/const.php 第 14 行.
NOTIC: [8] Undefined variable: s /data/home/qxu1606460108/htdocs/Wechat/Application/Common/Conf/const.php 第 17 行.
NOTIC: [8] Undefined variable: s /data/home/qxu1606460108/htdocs/Wechat/Application/Common/Conf/const.php 第 19 行.
INFO: [ app_begin ] --START--
INFO: Run Behavior\ReadHtmlCacheBehavior [ RunTime:0.000623s ]
INFO: [ app_begin ] --END-- [ RunTime:0.000677s ]
NOTIC: [8] Undefined variable: signature /data/home/qxu1606460108/htdocs/Wechat/Application/Home/Controller/IndexController.class.php 第 362 行.
ERR: 模板不存在:./Application/Home/View/Index/share.html
NOTIC: [2] Cannot modify header information - headers already sent by (output started at /data/home/qxu1606460108/htdocs/Wechat/Application/Home/Controller/IndexController.class.php:365) /data/home/qxu1606460108/htdocs/Wechat/ThinkPHP/Library/Think/Think.class.php 第 229 行.
NOTIC: [2] Cannot modify header information - headers already sent by (output started at /data/home/qxu1606460108/htdocs/Wechat/Application/Home/Controller/IndexController.class.php:365) /data/home/qxu1606460108/htdocs/Wechat/ThinkPHP/Library/Think/Think.class.php 第 230 行.

[ 2016-08-03T15:17:58+08:00 ] 115.201.122.57 /Wechat/index.php/Home/Index/share
INFO: [ app_init ] --START--
INFO: Run Behavior\BuildLiteBehavior [ RunTime:0.000017s ]
INFO: [ app_init ] --END-- [ RunTime:0.000395s ]
NOTIC: [8] Undefined variable: s /data/home/qxu1606460108/htdocs/Wechat/Application/Common/Conf/const.php 第 14 行.
NOTIC: [8] Undefined variable: s /data/home/qxu1606460108/htdocs/Wechat/Application/Common/Conf/const.php 第 17 行.
NOTIC: [8] Undefined variable: s /data/home/qxu1606460108/htdocs/Wechat/Application/Common/Conf/const.php 第 19 行.
INFO: [ app_begin ] --START--
INFO: Run Behavior\ReadHtmlCacheBehavior [ RunTime:0.000624s ]
INFO: [ app_begin ] --END-- [ RunTime:0.000678s ]
NOTIC: [8] Undefined variable: signature /data/home/qxu1606460108/htdocs/Wechat/Application/Home/Controller/IndexController.class.php 第 362 行.
INFO: [ view_parse ] --START--
INFO: [ template_filter ] --START--
INFO: Run Behavior\ContentReplaceBehavior [ RunTime:0.000048s ]
INFO: [ template_filter ] --END-- [ RunTime:0.000099s ]
INFO: Run Behavior\ParseTemplateBehavior [ RunTime:0.005607s ]
INFO: [ view_parse ] --END-- [ RunTime:0.005663s ]
INFO: [ view_filter ] --START--
INFO: Run Behavior\WriteHtmlCacheBehavior [ RunTime:0.000246s ]
INFO: [ view_filter ] --END-- [ RunTime:0.000286s ]
NOTIC: [2] Cannot modify header information - headers already sent by (output started at /data/home/qxu1606460108/htdocs/Wechat/Application/Home/Controller/IndexController.class.php:365) /data/home/qxu1606460108/htdocs/Wechat/ThinkPHP/Library/Think/View.class.php 第 91 行.
NOTIC: [2] Cannot modify header information - headers already sent by (output started at /data/home/qxu1606460108/htdocs/Wechat/Application/Home/Controller/IndexController.class.php:365) /data/home/qxu1606460108/htdocs/Wechat/ThinkPHP/Library/Think/View.class.php 第 92 行.
NOTIC: [2] Cannot modify header information - headers already sent by (output started at /data/home/qxu1606460108/htdocs/Wechat/Application/Home/Controller/IndexController.class.php:365) /data/home/qxu1606460108/htdocs/Wechat/ThinkPHP/Library/Think/View.class.php 第 93 行.
INFO: [ app_end ] --START--
INFO: Run Behavior\ShowPageTraceBehavior [ RunTime:0.000547s ]
INFO: [ app_end ] --END-- [ RunTime:0.000593s ]

[ 2016-08-03T15:18:53+08:00 ] 115.201.122.57 /Wechat/index.php/Home/Index/share
INFO: [ app_init ] --START--
INFO: Run Behavior\BuildLiteBehavior [ RunTime:0.000017s ]
INFO: [ app_init ] --END-- [ RunTime:0.000411s ]
NOTIC: [8] Undefined variable: s /data/home/qxu1606460108/htdocs/Wechat/Application/Common/Conf/const.php 第 14 行.
NOTIC: [8] Undefined variable: s /data/home/qxu1606460108/htdocs/Wechat/Application/Common/Conf/const.php 第 17 行.
NOTIC: [8] Undefined variable: s /data/home/qxu1606460108/htdocs/Wechat/Application/Common/Conf/const.php 第 19 行.
INFO: [ app_begin ] --START--
INFO: Run Behavior\ReadHtmlCacheBehavior [ RunTime:0.000656s ]
INFO: [ app_begin ] --END-- [ RunTime:0.000711s ]
NOTIC: [8] Undefined variable: signature /data/home/qxu1606460108/htdocs/Wechat/Application/Home/Controller/IndexController.class.php 第 362 行.
INFO: [ view_parse ] --START--
INFO: [ template_filter ] --START--
INFO: Run Behavior\ContentReplaceBehavior [ RunTime:0.000050s ]
INFO: [ template_filter ] --END-- [ RunTime:0.000113s ]
INFO: Run Behavior\ParseTemplateBehavior [ RunTime:0.005770s ]
INFO: [ view_parse ] --END-- [ RunTime:0.005823s ]
INFO: [ view_filter ] --START--
INFO: Run Behavior\WriteHtmlCacheBehavior [ RunTime:0.000247s ]
INFO: [ view_filter ] --END-- [ RunTime:0.000297s ]
NOTIC: [2] Cannot modify header information - headers already sent by (output started at /data/home/qxu1606460108/htdocs/Wechat/Application/Home/Controller/IndexController.class.php:365) /data/home/qxu1606460108/htdocs/Wechat/ThinkPHP/Library/Think/View.class.php 第 91 行.
NOTIC: [2] Cannot modify header information - headers already sent by (output started at /data/home/qxu1606460108/htdocs/Wechat/Application/Home/Controller/IndexController.class.php:365) /data/home/qxu1606460108/htdocs/Wechat/ThinkPHP/Library/Think/View.class.php 第 92 行.
NOTIC: [2] Cannot modify header information - headers already sent by (output started at /data/home/qxu1606460108/htdocs/Wechat/Application/Home/Controller/IndexController.class.php:365) /data/home/qxu1606460108/htdocs/Wechat/ThinkPHP/Library/Think/View.class.php 第 93 行.
INFO: [ app_end ] --START--
INFO: Run Behavior\ShowPageTraceBehavior [ RunTime:0.000544s ]
INFO: [ app_end ] --END-- [ RunTime:0.000591s ]

[ 2016-08-03T15:19:28+08:00 ] 115.201.122.57 /Wechat/index.php/Home/Index/share
INFO: [ app_init ] --START--
INFO: Run Behavior\BuildLiteBehavior [ RunTime:0.000017s ]
INFO: [ app_init ] --END-- [ RunTime:0.000422s ]
NOTIC: [8] Undefined variable: s /data/home/qxu1606460108/htdocs/Wechat/Application/Common/Conf/const.php 第 14 行.
NOTIC: [8] Undefined variable: s /data/home/qxu1606460108/htdocs/Wechat/Application/Common/Conf/const.php 第 17 行.
NOTIC: [8] Undefined variable: s /data/home/qxu1606460108/htdocs/Wechat/Application/Common/Conf/const.php 第 19 行.
INFO: [ app_begin ] --START--
INFO: Run Behavior\ReadHtmlCacheBehavior [ RunTime:0.000640s ]
INFO: [ app_begin ] --END-- [ RunTime:0.000697s ]
NOTIC: [8] Undefined variable: signature /data/home/qxu1606460108/htdocs/Wechat/Application/Home/Controller/IndexController.class.php 第 362 行.
INFO: [ view_parse ] --START--
INFO: [ template_filter ] --START--
INFO: Run Behavior\ContentReplaceBehavior [ RunTime:0.000049s ]
INFO: [ template_filter ] --END-- [ RunTime:0.000101s ]
INFO: Run Behavior\ParseTemplateBehavior [ RunTime:0.005763s ]
INFO: [ view_parse ] --END-- [ RunTime:0.005816s ]
INFO: [ view_filter ] --START--
INFO: Run Behavior\WriteHtmlCacheBehavior [ RunTime:0.000261s ]
INFO: [ view_filter ] --END-- [ RunTime:0.000305s ]
NOTIC: [2] Cannot modify header information - headers already sent by (output started at /data/home/qxu1606460108/htdocs/Wechat/Application/Home/Controller/IndexController.class.php:365) /data/home/qxu1606460108/htdocs/Wechat/ThinkPHP/Library/Think/View.class.php 第 91 行.
NOTIC: [2] Cannot modify header information - headers already sent by (output started at /data/home/qxu1606460108/htdocs/Wechat/Application/Home/Controller/IndexController.class.php:365) /data/home/qxu1606460108/htdocs/Wechat/ThinkPHP/Library/Think/View.class.php 第 92 行.
NOTIC: [2] Cannot modify header information - headers already sent by (output started at /data/home/qxu1606460108/htdocs/Wechat/Application/Home/Controller/IndexController.class.php:365) /data/home/qxu1606460108/htdocs/Wechat/ThinkPHP/Library/Think/View.class.php 第 93 行.
INFO: [ app_end ] --START--
INFO: Run Behavior\ShowPageTraceBehavior [ RunTime:0.000527s ]
INFO: [ app_end ] --END-- [ RunTime:0.000575s ]

[ 2016-08-03T15:20:10+08:00 ] 115.201.122.57 /Wechat/index.php/Home/Index/share
INFO: [ app_init ] --START--
INFO: Run Behavior\BuildLiteBehavior [ RunTime:0.000019s ]
INFO: [ app_init ] --END-- [ RunTime:0.000414s ]
NOTIC: [8] Undefined variable: s /data/home/qxu1606460108/htdocs/Wechat/Application/Common/Conf/const.php 第 14 行.
NOTIC: [8] Undefined variable: s /data/home/qxu1606460108/htdocs/Wechat/Application/Common/Conf/const.php 第 17 行.
NOTIC: [8] Undefined variable: s /data/home/qxu1606460108/htdocs/Wechat/Application/Common/Conf/const.php 第 19 行.
INFO: [ app_begin ] --START--
INFO: Run Behavior\ReadHtmlCacheBehavior [ RunTime:0.000647s ]
INFO: [ app_begin ] --END-- [ RunTime:0.000702s ]
NOTIC: [8] Undefined variable: signature /data/home/qxu1606460108/htdocs/Wechat/Application/Home/Controller/IndexController.class.php 第 362 行.
INFO: [ view_parse ] --START--
INFO: [ template_filter ] --START--
INFO: Run Behavior\ContentReplaceBehavior [ RunTime:0.000050s ]
INFO: [ template_filter ] --END-- [ RunTime:0.000106s ]
INFO: Run Behavior\ParseTemplateBehavior [ RunTime:0.005916s ]
INFO: [ view_parse ] --END-- [ RunTime:0.005969s ]
INFO: [ view_filter ] --START--
INFO: Run Behavior\WriteHtmlCacheBehavior [ RunTime:0.000258s ]
INFO: [ view_filter ] --END-- [ RunTime:0.000303s ]
NOTIC: [2] Cannot modify header information - headers already sent by (output started at /data/home/qxu1606460108/htdocs/Wechat/Application/Home/Controller/IndexController.class.php:365) /data/home/qxu1606460108/htdocs/Wechat/ThinkPHP/Library/Think/View.class.php 第 91 行.
NOTIC: [2] Cannot modify header information - headers already sent by (output started at /data/home/qxu1606460108/htdocs/Wechat/Application/Home/Controller/IndexController.class.php:365) /data/home/qxu1606460108/htdocs/Wechat/ThinkPHP/Library/Think/View.class.php 第 92 行.
NOTIC: [2] Cannot modify header information - headers already sent by (output started at /data/home/qxu1606460108/htdocs/Wechat/Application/Home/Controller/IndexController.class.php:365) /data/home/qxu1606460108/htdocs/Wechat/ThinkPHP/Library/Think/View.class.php 第 93 行.
INFO: [ app_end ] --START--
INFO: Run Behavior\ShowPageTraceBehavior [ RunTime:0.000537s ]
INFO: [ app_end ] --END-- [ RunTime:0.000583s ]

[ 2016-08-03T15:24:51+08:00 ] 115.201.122.57 /Wechat/index.php/Home/Index/share?params=value
INFO: [ app_init ] --START--
INFO: Run Behavior\BuildLiteBehavior [ RunTime:0.000017s ]
INFO: [ app_init ] --END-- [ RunTime:0.000394s ]
NOTIC: [8] Undefined variable: s /data/home/qxu1606460108/htdocs/Wechat/Application/Common/Conf/const.php 第 14 行.
NOTIC: [8] Undefined variable: s /data/home/qxu1606460108/htdocs/Wechat/Application/Common/Conf/const.php 第 17 行.
NOTIC: [8] Undefined variable: s /data/home/qxu1606460108/htdocs/Wechat/Application/Common/Conf/const.php 第 19 行.
INFO: [ app_begin ] --START--
INFO: Run Behavior\ReadHtmlCacheBehavior [ RunTime:0.000607s ]
INFO: [ app_begin ] --END-- [ RunTime:0.000662s ]
NOTIC: [8] Undefined variable: signature /data/home/qxu1606460108/htdocs/Wechat/Application/Home/Controller/IndexController.class.php 第 362 行.
INFO: [ view_parse ] --START--
INFO: [ template_filter ] --START--
INFO: Run Behavior\ContentReplaceBehavior [ RunTime:0.000049s ]
INFO: [ template_filter ] --END-- [ RunTime:0.000100s ]
INFO: Run Behavior\ParseTemplateBehavior [ RunTime:0.005748s ]
INFO: [ view_parse ] --END-- [ RunTime:0.005801s ]
INFO: [ view_filter ] --START--
INFO: Run Behavior\WriteHtmlCacheBehavior [ RunTime:0.000243s ]
INFO: [ view_filter ] --END-- [ RunTime:0.000285s ]
NOTIC: [2] Cannot modify header information - headers already sent by (output started at /data/home/qxu1606460108/htdocs/Wechat/Application/Home/Controller/IndexController.class.php:365) /data/home/qxu1606460108/htdocs/Wechat/ThinkPHP/Library/Think/View.class.php 第 91 行.
NOTIC: [2] Cannot modify header information - headers already sent by (output started at /data/home/qxu1606460108/htdocs/Wechat/Application/Home/Controller/IndexController.class.php:365) /data/home/qxu1606460108/htdocs/Wechat/ThinkPHP/Library/Think/View.class.php 第 92 行.
NOTIC: [2] Cannot modify header information - headers already sent by (output started at /data/home/qxu1606460108/htdocs/Wechat/Application/Home/Controller/IndexController.class.php:365) /data/home/qxu1606460108/htdocs/Wechat/ThinkPHP/Library/Think/View.class.php 第 93 行.
INFO: [ app_end ] --START--
INFO: Run Behavior\ShowPageTraceBehavior [ RunTime:0.000555s ]
INFO: [ app_end ] --END-- [ RunTime:0.000600s ]

[ 2016-08-03T15:24:57+08:00 ] 115.201.122.57 /Wechat/index.php/Home/Index/share?params=value
INFO: [ app_init ] --START--
INFO: Run Behavior\BuildLiteBehavior [ RunTime:0.000018s ]
INFO: [ app_init ] --END-- [ RunTime:0.000397s ]
NOTIC: [8] Undefined variable: s /data/home/qxu1606460108/htdocs/Wechat/Application/Common/Conf/const.php 第 14 行.
NOTIC: [8] Undefined variable: s /data/home/qxu1606460108/htdocs/Wechat/Application/Common/Conf/const.php 第 17 行.
NOTIC: [8] Undefined variable: s /data/home/qxu1606460108/htdocs/Wechat/Application/Common/Conf/const.php 第 19 行.
INFO: [ app_begin ] --START--
INFO: Run Behavior\ReadHtmlCacheBehavior [ RunTime:0.000620s ]
INFO: [ app_begin ] --END-- [ RunTime:0.000678s ]
NOTIC: [8] Undefined variable: signature /data/home/qxu1606460108/htdocs/Wechat/Application/Home/Controller/IndexController.class.php 第 362 行.
INFO: [ view_parse ] --START--
INFO: [ template_filter ] --START--
INFO: Run Behavior\ContentReplaceBehavior [ RunTime:0.000050s ]
INFO: [ template_filter ] --END-- [ RunTime:0.000103s ]
INFO: Run Behavior\ParseTemplateBehavior [ RunTime:0.005843s ]
INFO: [ view_parse ] --END-- [ RunTime:0.005901s ]
INFO: [ view_filter ] --START--
INFO: Run Behavior\WriteHtmlCacheBehavior [ RunTime:0.000249s ]
INFO: [ view_filter ] --END-- [ RunTime:0.000292s ]
NOTIC: [2] Cannot modify header information - headers already sent by (output started at /data/home/qxu1606460108/htdocs/Wechat/Application/Home/Controller/IndexController.class.php:365) /data/home/qxu1606460108/htdocs/Wechat/ThinkPHP/Library/Think/View.class.php 第 91 行.
NOTIC: [2] Cannot modify header information - headers already sent by (output started at /data/home/qxu1606460108/htdocs/Wechat/Application/Home/Controller/IndexController.class.php:365) /data/home/qxu1606460108/htdocs/Wechat/ThinkPHP/Library/Think/View.class.php 第 92 行.
NOTIC: [2] Cannot modify header information - headers already sent by (output started at /data/home/qxu1606460108/htdocs/Wechat/Application/Home/Controller/IndexController.class.php:365) /data/home/qxu1606460108/htdocs/Wechat/ThinkPHP/Library/Think/View.class.php 第 93 行.
INFO: [ app_end ] --START--
INFO: Run Behavior\ShowPageTraceBehavior [ RunTime:0.000578s ]
INFO: [ app_end ] --END-- [ RunTime:0.000632s ]

[ 2016-08-03T15:25:14+08:00 ] 115.201.122.57 /Wechat/index.php/Home/Index/share
INFO: [ app_init ] --START--
INFO: Run Behavior\BuildLiteBehavior [ RunTime:0.000020s ]
INFO: [ app_init ] --END-- [ RunTime:0.000451s ]
NOTIC: [8] Undefined variable: s /data/home/qxu1606460108/htdocs/Wechat/Application/Common/Conf/const.php 第 14 行.
NOTIC: [8] Undefined variable: s /data/home/qxu1606460108/htdocs/Wechat/Application/Common/Conf/const.php 第 17 行.
NOTIC: [8] Undefined variable: s /data/home/qxu1606460108/htdocs/Wechat/Application/Common/Conf/const.php 第 19 行.
INFO: [ app_begin ] --START--
INFO: Run Behavior\ReadHtmlCacheBehavior [ RunTime:0.000666s ]
INFO: [ app_begin ] --END-- [ RunTime:0.000722s ]
NOTIC: [8] Undefined variable: signature /data/home/qxu1606460108/htdocs/Wechat/Application/Home/Controller/IndexController.class.php 第 362 行.
INFO: [ view_parse ] --START--
INFO: [ template_filter ] --START--
INFO: Run Behavior\ContentReplaceBehavior [ RunTime:0.000051s ]
INFO: [ template_filter ] --END-- [ RunTime:0.000101s ]
INFO: Run Behavior\ParseTemplateBehavior [ RunTime:0.005783s ]
INFO: [ view_parse ] --END-- [ RunTime:0.005836s ]
INFO: [ view_filter ] --START--
INFO: Run Behavior\WriteHtmlCacheBehavior [ RunTime:0.000256s ]
INFO: [ view_filter ] --END-- [ RunTime:0.000301s ]
NOTIC: [2] Cannot modify header information - headers already sent by (output started at /data/home/qxu1606460108/htdocs/Wechat/Application/Home/Controller/IndexController.class.php:365) /data/home/qxu1606460108/htdocs/Wechat/ThinkPHP/Library/Think/View.class.php 第 91 行.
NOTIC: [2] Cannot modify header information - headers already sent by (output started at /data/home/qxu1606460108/htdocs/Wechat/Application/Home/Controller/IndexController.class.php:365) /data/home/qxu1606460108/htdocs/Wechat/ThinkPHP/Library/Think/View.class.php 第 92 行.
NOTIC: [2] Cannot modify header information - headers already sent by (output started at /data/home/qxu1606460108/htdocs/Wechat/Application/Home/Controller/IndexController.class.php:365) /data/home/qxu1606460108/htdocs/Wechat/ThinkPHP/Library/Think/View.class.php 第 93 行.
INFO: [ app_end ] --START--
INFO: Run Behavior\ShowPageTraceBehavior [ RunTime:0.000545s ]
INFO: [ app_end ] --END-- [ RunTime:0.000591s ]

[ 2016-08-03T15:27:57+08:00 ] 101.226.33.238 /Wechat/index.php/Home/Index/share?params=value
INFO: [ app_init ] --START--
INFO: Run Behavior\BuildLiteBehavior [ RunTime:0.000017s ]
INFO: [ app_init ] --END-- [ RunTime:0.000407s ]
NOTIC: [8] Undefined variable: s /data/home/qxu1606460108/htdocs/Wechat/Application/Common/Conf/const.php 第 14 行.
NOTIC: [8] Undefined variable: s /data/home/qxu1606460108/htdocs/Wechat/Application/Common/Conf/const.php 第 17 行.
NOTIC: [8] Undefined variable: s /data/home/qxu1606460108/htdocs/Wechat/Application/Common/Conf/const.php 第 19 行.
INFO: [ app_begin ] --START--
INFO: Run Behavior\ReadHtmlCacheBehavior [ RunTime:0.000694s ]
INFO: [ app_begin ] --END-- [ RunTime:0.000753s ]
NOTIC: [8] Undefined index: jsapi_ticket /data/home/qxu1606460108/htdocs/Wechat/Application/Home/Controller/IndexController.class.php 第 377 行.
NOTIC: [8] Undefined index: access_token /data/home/qxu1606460108/htdocs/Wechat/Application/Home/Controller/IndexController.class.php 第 164 行.
NOTIC: [2] curl_errno(): 26 is not a valid cURL handle resource /data/home/qxu1606460108/htdocs/Wechat/Application/Home/Controller/IndexController.class.php 第 154 行.
NOTIC: [2] curl_errno(): 27 is not a valid cURL handle resource /data/home/qxu1606460108/htdocs/Wechat/Application/Home/Controller/IndexController.class.php 第 154 行.
NOTIC: [8] Undefined variable: signature /data/home/qxu1606460108/htdocs/Wechat/Application/Home/Controller/IndexController.class.php 第 362 行.
INFO: [ view_parse ] --START--
INFO: [ template_filter ] --START--
INFO: Run Behavior\ContentReplaceBehavior [ RunTime:0.000056s ]
INFO: [ template_filter ] --END-- [ RunTime:0.000120s ]
INFO: Run Behavior\ParseTemplateBehavior [ RunTime:0.006031s ]
INFO: [ view_parse ] --END-- [ RunTime:0.006096s ]
INFO: [ view_filter ] --START--
INFO: Run Behavior\WriteHtmlCacheBehavior [ RunTime:0.000255s ]
INFO: [ view_filter ] --END-- [ RunTime:0.000296s ]
NOTIC: [2] Cannot modify header information - headers already sent by (output started at /data/home/qxu1606460108/htdocs/Wechat/Application/Home/Controller/IndexController.class.php:178) /data/home/qxu1606460108/htdocs/Wechat/ThinkPHP/Library/Think/View.class.php 第 91 行.
NOTIC: [2] Cannot modify header information - headers already sent by (output started at /data/home/qxu1606460108/htdocs/Wechat/Application/Home/Controller/IndexController.class.php:178) /data/home/qxu1606460108/htdocs/Wechat/ThinkPHP/Library/Think/View.class.php 第 92 行.
NOTIC: [2] Cannot modify header information - headers already sent by (output started at /data/home/qxu1606460108/htdocs/Wechat/Application/Home/Controller/IndexController.class.php:178) /data/home/qxu1606460108/htdocs/Wechat/ThinkPHP/Library/Think/View.class.php 第 93 行.
INFO: [ app_end ] --START--
INFO: Run Behavior\ShowPageTraceBehavior [ RunTime:0.000559s ]
INFO: [ app_end ] --END-- [ RunTime:0.000606s ]

[ 2016-08-03T15:28:05+08:00 ] 180.153.214.199 /Wechat/index.php/Home/Index/share?params=value
INFO: [ app_init ] --START--
INFO: Run Behavior\BuildLiteBehavior [ RunTime:0.000017s ]
INFO: [ app_init ] --END-- [ RunTime:0.000405s ]
NOTIC: [8] Undefined variable: s /data/home/qxu1606460108/htdocs/Wechat/Application/Common/Conf/const.php 第 14 行.
NOTIC: [8] Undefined variable: s /data/home/qxu1606460108/htdocs/Wechat/Application/Common/Conf/const.php 第 17 行.
NOTIC: [8] Undefined variable: s /data/home/qxu1606460108/htdocs/Wechat/Application/Common/Conf/const.php 第 19 行.
INFO: [ app_begin ] --START--
INFO: Run Behavior\ReadHtmlCacheBehavior [ RunTime:0.000651s ]
INFO: [ app_begin ] --END-- [ RunTime:0.000706s ]
NOTIC: [8] Undefined index: jsapi_ticket /data/home/qxu1606460108/htdocs/Wechat/Application/Home/Controller/IndexController.class.php 第 377 行.
NOTIC: [8] Undefined index: access_token /data/home/qxu1606460108/htdocs/Wechat/Application/Home/Controller/IndexController.class.php 第 164 行.
NOTIC: [2] curl_errno(): 26 is not a valid cURL handle resource /data/home/qxu1606460108/htdocs/Wechat/Application/Home/Controller/IndexController.class.php 第 154 行.
NOTIC: [2] curl_errno(): 27 is not a valid cURL handle resource /data/home/qxu1606460108/htdocs/Wechat/Application/Home/Controller/IndexController.class.php 第 154 行.
NOTIC: [8] Undefined variable: signature /data/home/qxu1606460108/htdocs/Wechat/Application/Home/Controller/IndexController.class.php 第 362 行.
INFO: [ view_parse ] --START--
INFO: [ template_filter ] --START--
INFO: Run Behavior\ContentReplaceBehavior [ RunTime:0.000055s ]
INFO: [ template_filter ] --END-- [ RunTime:0.000119s ]
INFO: Run Behavior\ParseTemplateBehavior [ RunTime:0.005856s ]
INFO: [ view_parse ] --END-- [ RunTime:0.005910s ]
INFO: [ view_filter ] --START--
INFO: Run Behavior\WriteHtmlCacheBehavior [ RunTime:0.000244s ]
INFO: [ view_filter ] --END-- [ RunTime:0.000284s ]
NOTIC: [2] Cannot modify header information - headers already sent by (output started at /data/home/qxu1606460108/htdocs/Wechat/Application/Home/Controller/IndexController.class.php:178) /data/home/qxu1606460108/htdocs/Wechat/ThinkPHP/Library/Think/View.class.php 第 91 行.
NOTIC: [2] Cannot modify header information - headers already sent by (output started at /data/home/qxu1606460108/htdocs/Wechat/Application/Home/Controller/IndexController.class.php:178) /data/home/qxu1606460108/htdocs/Wechat/ThinkPHP/Library/Think/View.class.php 第 92 行.
NOTIC: [2] Cannot modify header information - headers already sent by (output started at /data/home/qxu1606460108/htdocs/Wechat/Application/Home/Controller/IndexController.class.php:178) /data/home/qxu1606460108/htdocs/Wechat/ThinkPHP/Library/Think/View.class.php 第 93 行.
INFO: [ app_end ] --START--
INFO: Run Behavior\ShowPageTraceBehavior [ RunTime:0.000565s ]
INFO: [ app_end ] --END-- [ RunTime:0.000614s ]

[ 2016-08-03T15:30:32+08:00 ] 115.201.122.57 /Wechat/index.php/Home/Index/share
INFO: [ app_init ] --START--
INFO: Run Behavior\BuildLiteBehavior [ RunTime:0.000024s ]
INFO: [ app_init ] --END-- [ RunTime:0.000463s ]
NOTIC: [8] Undefined variable: s /data/home/qxu1606460108/htdocs/Wechat/Application/Common/Conf/const.php 第 14 行.
NOTIC: [8] Undefined variable: s /data/home/qxu1606460108/htdocs/Wechat/Application/Common/Conf/const.php 第 17 行.
NOTIC: [8] Undefined variable: s /data/home/qxu1606460108/htdocs/Wechat/Application/Common/Conf/const.php 第 19 行.
INFO: [ app_begin ] --START--
INFO: Run Behavior\ReadHtmlCacheBehavior [ RunTime:0.000721s ]
INFO: [ app_begin ] --END-- [ RunTime:0.000778s ]
NOTIC: [8] Undefined variable: signature /data/home/qxu1606460108/htdocs/Wechat/Application/Home/Controller/IndexController.class.php 第 362 行.
INFO: [ view_parse ] --START--
INFO: [ template_filter ] --START--
INFO: Run Behavior\ContentReplaceBehavior [ RunTime:0.000056s ]
INFO: [ template_filter ] --END-- [ RunTime:0.000114s ]
INFO: Run Behavior\ParseTemplateBehavior [ RunTime:0.005987s ]
INFO: [ view_parse ] --END-- [ RunTime:0.006051s ]
INFO: [ view_filter ] --START--
INFO: Run Behavior\WriteHtmlCacheBehavior [ RunTime:0.000251s ]
INFO: [ view_filter ] --END-- [ RunTime:0.000296s ]
NOTIC: [2] Cannot modify header information - headers already sent by (output started at /data/home/qxu1606460108/htdocs/Wechat/Application/Home/Controller/IndexController.class.php:365) /data/home/qxu1606460108/htdocs/Wechat/ThinkPHP/Library/Think/View.class.php 第 91 行.
NOTIC: [2] Cannot modify header information - headers already sent by (output started at /data/home/qxu1606460108/htdocs/Wechat/Application/Home/Controller/IndexController.class.php:365) /data/home/qxu1606460108/htdocs/Wechat/ThinkPHP/Library/Think/View.class.php 第 92 行.
NOTIC: [2] Cannot modify header information - headers already sent by (output started at /data/home/qxu1606460108/htdocs/Wechat/Application/Home/Controller/IndexController.class.php:365) /data/home/qxu1606460108/htdocs/Wechat/ThinkPHP/Library/Think/View.class.php 第 93 行.
INFO: [ app_end ] --START--
INFO: Run Behavior\ShowPageTraceBehavior [ RunTime:0.000548s ]
INFO: [ app_end ] --END-- [ RunTime:0.000595s ]

[ 2016-08-03T15:31:08+08:00 ] 115.201.122.57 /Wechat/index.php/Home/Index/share
INFO: [ app_init ] --START--
INFO: Run Behavior\BuildLiteBehavior [ RunTime:0.000021s ]
INFO: [ app_init ] --END-- [ RunTime:0.000432s ]
NOTIC: [8] Undefined variable: s /data/home/qxu1606460108/htdocs/Wechat/Application/Common/Conf/const.php 第 14 行.
NOTIC: [8] Undefined variable: s /data/home/qxu1606460108/htdocs/Wechat/Application/Common/Conf/const.php 第 17 行.
NOTIC: [8] Undefined variable: s /data/home/qxu1606460108/htdocs/Wechat/Application/Common/Conf/const.php 第 19 行.
INFO: [ app_begin ] --START--
INFO: Run Behavior\ReadHtmlCacheBehavior [ RunTime:0.000670s ]
INFO: [ app_begin ] --END-- [ RunTime:0.000728s ]
NOTIC: [8] Undefined variable: signature /data/home/qxu1606460108/htdocs/Wechat/Application/Home/Controller/IndexController.class.php 第 362 行.
INFO: [ view_parse ] --START--
INFO: [ template_filter ] --START--
INFO: Run Behavior\ContentReplaceBehavior [ RunTime:0.000048s ]
INFO: [ template_filter ] --END-- [ RunTime:0.000100s ]
INFO: Run Behavior\ParseTemplateBehavior [ RunTime:0.005744s ]
INFO: [ view_parse ] --END-- [ RunTime:0.005799s ]
INFO: [ view_filter ] --START--
INFO: Run Behavior\WriteHtmlCacheBehavior [ RunTime:0.000249s ]
INFO: [ view_filter ] --END-- [ RunTime:0.000294s ]
NOTIC: [2] Cannot modify header information - headers already sent by (output started at /data/home/qxu1606460108/htdocs/Wechat/Application/Home/Controller/IndexController.class.php:365) /data/home/qxu1606460108/htdocs/Wechat/ThinkPHP/Library/Think/View.class.php 第 91 行.
NOTIC: [2] Cannot modify header information - headers already sent by (output started at /data/home/qxu1606460108/htdocs/Wechat/Application/Home/Controller/IndexController.class.php:365) /data/home/qxu1606460108/htdocs/Wechat/ThinkPHP/Library/Think/View.class.php 第 92 行.
NOTIC: [2] Cannot modify header information - headers already sent by (output started at /data/home/qxu1606460108/htdocs/Wechat/Application/Home/Controller/IndexController.class.php:365) /data/home/qxu1606460108/htdocs/Wechat/ThinkPHP/Library/Think/View.class.php 第 93 行.
INFO: [ app_end ] --START--
INFO: Run Behavior\ShowPageTraceBehavior [ RunTime:0.000532s ]
INFO: [ app_end ] --END-- [ RunTime:0.000583s ]

[ 2016-08-03T15:33:54+08:00 ] 101.226.233.150 /Wechat/index.php?signature=29e383c36e2d2ab4c06e38340e97d212f2b1b144&timestamp=1470209632&nonce=349672430&openid=oE_zlv2n8sfdLSPIg0v28coOsUFs
INFO: [ app_init ] --START--
INFO: Run Behavior\BuildLiteBehavior [ RunTime:0.000018s ]
INFO: [ app_init ] --END-- [ RunTime:0.000421s ]
NOTIC: [8] Undefined variable: s /data/home/qxu1606460108/htdocs/Wechat/Application/Common/Conf/const.php 第 14 行.
NOTIC: [8] Undefined variable: s /data/home/qxu1606460108/htdocs/Wechat/Application/Common/Conf/const.php 第 17 行.
NOTIC: [8] Undefined variable: s /data/home/qxu1606460108/htdocs/Wechat/Application/Common/Conf/const.php 第 19 行.
INFO: [ app_begin ] --START--
INFO: Run Behavior\ReadHtmlCacheBehavior [ RunTime:0.000637s ]
INFO: [ app_begin ] --END-- [ RunTime:0.000695s ]
INFO: [ app_end ] --START--
INFO: Run Behavior\ShowPageTraceBehavior [ RunTime:0.000562s ]
INFO: [ app_end ] --END-- [ RunTime:0.000623s ]

[ 2016-08-03T15:33:57+08:00 ] 101.226.233.140 /Wechat/index.php?signature=cb9079986f82c056b2df9ffbee601ee3919021f1&timestamp=1470209635&nonce=1341743032&openid=oE_zlv2n8sfdLSPIg0v28coOsUFs
INFO: [ app_init ] --START--
INFO: Run Behavior\BuildLiteBehavior [ RunTime:0.000029s ]
INFO: [ app_init ] --END-- [ RunTime:0.000422s ]
NOTIC: [8] Undefined variable: s /data/home/qxu1606460108/htdocs/Wechat/Application/Common/Conf/const.php 第 14 行.
NOTIC: [8] Undefined variable: s /data/home/qxu1606460108/htdocs/Wechat/Application/Common/Conf/const.php 第 17 行.
NOTIC: [8] Undefined variable: s /data/home/qxu1606460108/htdocs/Wechat/Application/Common/Conf/const.php 第 19 行.
INFO: [ app_begin ] --START--
INFO: Run Behavior\ReadHtmlCacheBehavior [ RunTime:0.000830s ]
INFO: [ app_begin ] --END-- [ RunTime:0.000920s ]
INFO: [ app_end ] --START--
INFO: Run Behavior\ShowPageTraceBehavior [ RunTime:0.000552s ]
INFO: [ app_end ] --END-- [ RunTime:0.000613s ]

[ 2016-08-03T15:34:08+08:00 ] 101.226.233.145 /Wechat/index.php?signature=18f45cb1629adcdef4623a4e3c7cc4846b95600c&timestamp=1470209646&nonce=1495302949&openid=oE_zlv2n8sfdLSPIg0v28coOsUFs
INFO: [ app_init ] --START--
INFO: Run Behavior\BuildLiteBehavior [ RunTime:0.000017s ]
INFO: [ app_init ] --END-- [ RunTime:0.000409s ]
NOTIC: [8] Undefined variable: s /data/home/qxu1606460108/htdocs/Wechat/Application/Common/Conf/const.php 第 14 行.
NOTIC: [8] Undefined variable: s /data/home/qxu1606460108/htdocs/Wechat/Application/Common/Conf/const.php 第 17 行.
NOTIC: [8] Undefined variable: s /data/home/qxu1606460108/htdocs/Wechat/Application/Common/Conf/const.php 第 19 行.
INFO: [ app_begin ] --START--
INFO: Run Behavior\ReadHtmlCacheBehavior [ RunTime:0.000623s ]
INFO: [ app_begin ] --END-- [ RunTime:0.000684s ]
INFO: [ app_end ] --START--
INFO: Run Behavior\ShowPageTraceBehavior [ RunTime:0.000534s ]
INFO: [ app_end ] --END-- [ RunTime:0.000596s ]

[ 2016-08-03T15:34:20+08:00 ] 101.226.233.155 /Wechat/index.php?signature=034a86d9513f85b8a41cdab91ead3eed66a43748&timestamp=1470209658&nonce=1962053003&openid=oE_zlv2n8sfdLSPIg0v28coOsUFs
INFO: [ app_init ] --START--
INFO: Run Behavior\BuildLiteBehavior [ RunTime:0.000018s ]
INFO: [ app_init ] --END-- [ RunTime:0.000412s ]
NOTIC: [8] Undefined variable: s /data/home/qxu1606460108/htdocs/Wechat/Application/Common/Conf/const.php 第 14 行.
NOTIC: [8] Undefined variable: s /data/home/qxu1606460108/htdocs/Wechat/Application/Common/Conf/const.php 第 17 行.
NOTIC: [8] Undefined variable: s /data/home/qxu1606460108/htdocs/Wechat/Application/Common/Conf/const.php 第 19 行.
INFO: [ app_begin ] --START--
INFO: Run Behavior\ReadHtmlCacheBehavior [ RunTime:0.000619s ]
INFO: [ app_begin ] --END-- [ RunTime:0.000671s ]
INFO: [ app_end ] --START--
INFO: Run Behavior\ShowPageTraceBehavior [ RunTime:0.000707s ]
INFO: [ app_end ] --END-- [ RunTime:0.000803s ]

[ 2016-08-03T15:37:00+08:00 ] 180.153.205.253 /Wechat/index.php
INFO: [ app_init ] --START--
INFO: Run Behavior\BuildLiteBehavior [ RunTime:0.000021s ]
INFO: [ app_init ] --END-- [ RunTime:0.000427s ]
NOTIC: [8] Undefined variable: s /data/home/qxu1606460108/htdocs/Wechat/Application/Common/Conf/const.php 第 14 行.
NOTIC: [8] Undefined variable: s /data/home/qxu1606460108/htdocs/Wechat/Application/Common/Conf/const.php 第 17 行.
NOTIC: [8] Undefined variable: s /data/home/qxu1606460108/htdocs/Wechat/Application/Common/Conf/const.php 第 19 行.
INFO: [ app_begin ] --START--
INFO: Run Behavior\ReadHtmlCacheBehavior [ RunTime:0.000635s ]
INFO: [ app_begin ] --END-- [ RunTime:0.000690s ]
NOTIC: [8] Undefined index: HTTP_RAW_POST_DATA /data/home/qxu1606460108/htdocs/Wechat/Application/Home/Controller/IndexController.class.php 第 23 行.

[ 2016-08-03T15:46:55+08:00 ] 115.201.122.57 /Wechat/index.php/Home/Index/getQrCode
INFO: [ app_init ] --START--
INFO: Run Behavior\BuildLiteBehavior [ RunTime:0.000047s ]
INFO: [ app_init ] --END-- [ RunTime:0.000461s ]
NOTIC: [8] Undefined variable: s /data/home/qxu1606460108/htdocs/Wechat/Application/Common/Conf/const.php 第 14 行.
NOTIC: [8] Undefined variable: s /data/home/qxu1606460108/htdocs/Wechat/Application/Common/Conf/const.php 第 17 行.
NOTIC: [8] Undefined variable: s /data/home/qxu1606460108/htdocs/Wechat/Application/Common/Conf/const.php 第 19 行.
INFO: [ app_begin ] --START--
INFO: Run Behavior\ReadHtmlCacheBehavior [ RunTime:0.000668s ]
INFO: [ app_begin ] --END-- [ RunTime:0.000729s ]
INFO: [ app_end ] --START--
INFO: Run Behavior\ShowPageTraceBehavior [ RunTime:0.000774s ]
INFO: [ app_end ] --END-- [ RunTime:0.000882s ]

[ 2016-08-03T15:48:52+08:00 ] 115.201.122.57 /Wechat/index.php/Home/Index/getQrCode
INFO: [ app_init ] --START--
INFO: Run Behavior\BuildLiteBehavior [ RunTime:0.000017s ]
INFO: [ app_init ] --END-- [ RunTime:0.000392s ]
NOTIC: [8] Undefined variable: s /data/home/qxu1606460108/htdocs/Wechat/Application/Common/Conf/const.php 第 14 行.
NOTIC: [8] Undefined variable: s /data/home/qxu1606460108/htdocs/Wechat/Application/Common/Conf/const.php 第 17 行.
NOTIC: [8] Undefined variable: s /data/home/qxu1606460108/htdocs/Wechat/Application/Common/Conf/const.php 第 19 行.
INFO: [ app_begin ] --START--
INFO: Run Behavior\ReadHtmlCacheBehavior [ RunTime:0.000598s ]
INFO: [ app_begin ] --END-- [ RunTime:0.000651s ]

[ 2016-08-03T15:49:05+08:00 ] 115.201.122.57 /Wechat/index.php/Home/Index/getQrCode
INFO: [ app_init ] --START--
INFO: Run Behavior\BuildLiteBehavior [ RunTime:0.000017s ]
INFO: [ app_init ] --END-- [ RunTime:0.000426s ]
NOTIC: [8] Undefined variable: s /data/home/qxu1606460108/htdocs/Wechat/Application/Common/Conf/const.php 第 14 行.
NOTIC: [8] Undefined variable: s /data/home/qxu1606460108/htdocs/Wechat/Application/Common/Conf/const.php 第 17 行.
NOTIC: [8] Undefined variable: s /data/home/qxu1606460108/htdocs/Wechat/Application/Common/Conf/const.php 第 19 行.
INFO: [ app_begin ] --START--
INFO: Run Behavior\ReadHtmlCacheBehavior [ RunTime:0.000640s ]
INFO: [ app_begin ] --END-- [ RunTime:0.000695s ]
NOTIC: [2] curl_errno(): 27 is not a valid cURL handle resource /data/home/qxu1606460108/htdocs/Wechat/Application/Home/Controller/IndexController.class.php 第 154 行.
INFO: [ app_end ] --START--
INFO: Run Behavior\ShowPageTraceBehavior [ RunTime:0.000690s ]
INFO: [ app_end ] --END-- [ RunTime:0.000764s ]

[ 2016-08-03T15:50:48+08:00 ] 115.201.122.57 /Wechat/index.php/Home/Index/getQrCode
INFO: [ app_init ] --START--
INFO: Run Behavior\BuildLiteBehavior [ RunTime:0.000018s ]
INFO: [ app_init ] --END-- [ RunTime:0.000398s ]
NOTIC: [8] Undefined variable: s /data/home/qxu1606460108/htdocs/Wechat/Application/Common/Conf/const.php 第 14 行.
NOTIC: [8] Undefined variable: s /data/home/qxu1606460108/htdocs/Wechat/Application/Common/Conf/const.php 第 17 行.
NOTIC: [8] Undefined variable: s /data/home/qxu1606460108/htdocs/Wechat/Application/Common/Conf/const.php 第 19 行.
INFO: [ app_begin ] --START--
INFO: Run Behavior\ReadHtmlCacheBehavior [ RunTime:0.000611s ]
INFO: [ app_begin ] --END-- [ RunTime:0.000666s ]
NOTIC: [2] curl_errno(): 27 is not a valid cURL handle resource /data/home/qxu1606460108/htdocs/Wechat/Application/Home/Controller/IndexController.class.php 第 154 行.
INFO: [ app_end ] --START--
INFO: Run Behavior\ShowPageTraceBehavior [ RunTime:0.000698s ]
INFO: [ app_end ] --END-- [ RunTime:0.000765s ]

[ 2016-08-03T15:50:50+08:00 ] 115.201.122.57 /Wechat/index.php/Home/Index/getQrCode
INFO: [ app_init ] --START--
INFO: Run Behavior\BuildLiteBehavior [ RunTime:0.000018s ]
INFO: [ app_init ] --END-- [ RunTime:0.000421s ]
NOTIC: [8] Undefined variable: s /data/home/qxu1606460108/htdocs/Wechat/Application/Common/Conf/const.php 第 14 行.
NOTIC: [8] Undefined variable: s /data/home/qxu1606460108/htdocs/Wechat/Application/Common/Conf/const.php 第 17 行.
NOTIC: [8] Undefined variable: s /data/home/qxu1606460108/htdocs/Wechat/Application/Common/Conf/const.php 第 19 行.
INFO: [ app_begin ] --START--
INFO: Run Behavior\ReadHtmlCacheBehavior [ RunTime:0.000732s ]
INFO: [ app_begin ] --END-- [ RunTime:0.000787s ]
NOTIC: [2] curl_errno(): 27 is not a valid cURL handle resource /data/home/qxu1606460108/htdocs/Wechat/Application/Home/Controller/IndexController.class.php 第 154 行.
INFO: [ app_end ] --START--
INFO: Run Behavior\ShowPageTraceBehavior [ RunTime:0.000706s ]
INFO: [ app_end ] --END-- [ RunTime:0.000778s ]

[ 2016-08-03T15:50:53+08:00 ] 115.201.122.57 /Wechat/index.php/Home/Index/getQrCode
INFO: [ app_init ] --START--
INFO: Run Behavior\BuildLiteBehavior [ RunTime:0.000017s ]
INFO: [ app_init ] --END-- [ RunTime:0.000419s ]
NOTIC: [8] Undefined variable: s /data/home/qxu1606460108/htdocs/Wechat/Application/Common/Conf/const.php 第 14 行.
NOTIC: [8] Undefined variable: s /data/home/qxu1606460108/htdocs/Wechat/Application/Common/Conf/const.php 第 17 行.
NOTIC: [8] Undefined variable: s /data/home/qxu1606460108/htdocs/Wechat/Application/Common/Conf/const.php 第 19 行.
INFO: [ app_begin ] --START--
INFO: Run Behavior\ReadHtmlCacheBehavior [ RunTime:0.000633s ]
INFO: [ app_begin ] --END-- [ RunTime:0.000688s ]
INFO: [ app_end ] --START--
INFO: Run Behavior\ShowPageTraceBehavior [ RunTime:0.000637s ]
INFO: [ app_end ] --END-- [ RunTime:0.000719s ]

[ 2016-08-03T15:50:54+08:00 ] 115.201.122.57 /Wechat/index.php/Home/Index/getQrCode
INFO: [ app_init ] --START--
INFO: Run Behavior\BuildLiteBehavior [ RunTime:0.000017s ]
INFO: [ app_init ] --END-- [ RunTime:0.000405s ]
NOTIC: [8] Undefined variable: s /data/home/qxu1606460108/htdocs/Wechat/Application/Common/Conf/const.php 第 14 行.
NOTIC: [8] Undefined variable: s /data/home/qxu1606460108/htdocs/Wechat/Application/Common/Conf/const.php 第 17 行.
NOTIC: [8] Undefined variable: s /data/home/qxu1606460108/htdocs/Wechat/Application/Common/Conf/const.php 第 19 行.
INFO: [ app_begin ] --START--
INFO: Run Behavior\ReadHtmlCacheBehavior [ RunTime:0.000746s ]
INFO: [ app_begin ] --END-- [ RunTime:0.000815s ]
INFO: [ app_end ] --START--
INFO: Run Behavior\ShowPageTraceBehavior [ RunTime:0.000749s ]
INFO: [ app_end ] --END-- [ RunTime:0.000846s ]

[ 2016-08-03T15:52:40+08:00 ] 115.201.122.57 /Wechat/index.php/Home/Index/getQrCode
INFO: [ app_init ] --START--
INFO: Run Behavior\BuildLiteBehavior [ RunTime:0.000017s ]
INFO: [ app_init ] --END-- [ RunTime:0.000401s ]
NOTIC: [8] Undefined variable: s /data/home/qxu1606460108/htdocs/Wechat/Application/Common/Conf/const.php 第 14 行.
NOTIC: [8] Undefined variable: s /data/home/qxu1606460108/htdocs/Wechat/Application/Common/Conf/const.php 第 17 行.
NOTIC: [8] Undefined variable: s /data/home/qxu1606460108/htdocs/Wechat/Application/Common/Conf/const.php 第 19 行.
INFO: [ app_begin ] --START--
INFO: Run Behavior\ReadHtmlCacheBehavior [ RunTime:0.000610s ]
INFO: [ app_begin ] --END-- [ RunTime:0.000679s ]
NOTIC: [2] curl_errno(): 26 is not a valid cURL handle resource /data/home/qxu1606460108/htdocs/Wechat/Application/Home/Controller/IndexController.class.php 第 154 行.
NOTIC: [8] Undefined index: ticket /data/home/qxu1606460108/htdocs/Wechat/Application/Home/Controller/IndexController.class.php 第 417 行.
INFO: [ app_end ] --START--
INFO: Run Behavior\ShowPageTraceBehavior [ RunTime:0.000766s ]
INFO: [ app_end ] --END-- [ RunTime:0.000869s ]

[ 2016-08-03T15:52:41+08:00 ] 115.201.122.57 /Wechat/index.php/Home/Index/getQrCode
INFO: [ app_init ] --START--
INFO: Run Behavior\BuildLiteBehavior [ RunTime:0.000018s ]
INFO: [ app_init ] --END-- [ RunTime:0.000398s ]
NOTIC: [8] Undefined variable: s /data/home/qxu1606460108/htdocs/Wechat/Application/Common/Conf/const.php 第 14 行.
NOTIC: [8] Undefined variable: s /data/home/qxu1606460108/htdocs/Wechat/Application/Common/Conf/const.php 第 17 行.
NOTIC: [8] Undefined variable: s /data/home/qxu1606460108/htdocs/Wechat/Application/Common/Conf/const.php 第 19 行.
INFO: [ app_begin ] --START--
INFO: Run Behavior\ReadHtmlCacheBehavior [ RunTime:0.000607s ]
INFO: [ app_begin ] --END-- [ RunTime:0.000685s ]
NOTIC: [2] curl_errno(): 26 is not a valid cURL handle resource /data/home/qxu1606460108/htdocs/Wechat/Application/Home/Controller/IndexController.class.php 第 154 行.
NOTIC: [8] Undefined index: ticket /data/home/qxu1606460108/htdocs/Wechat/Application/Home/Controller/IndexController.class.php 第 417 行.
INFO: [ app_end ] --START--
INFO: Run Behavior\ShowPageTraceBehavior [ RunTime:0.000716s ]
INFO: [ app_end ] --END-- [ RunTime:0.000781s ]

[ 2016-08-03T15:52:42+08:00 ] 115.201.122.57 /Wechat/index.php/Home/Index/getQrCode
INFO: [ app_init ] --START--
INFO: Run Behavior\BuildLiteBehavior [ RunTime:0.000020s ]
INFO: [ app_init ] --END-- [ RunTime:0.000413s ]
NOTIC: [8] Undefined variable: s /data/home/qxu1606460108/htdocs/Wechat/Application/Common/Conf/const.php 第 14 行.
NOTIC: [8] Undefined variable: s /data/home/qxu1606460108/htdocs/Wechat/Application/Common/Conf/const.php 第 17 行.
NOTIC: [8] Undefined variable: s /data/home/qxu1606460108/htdocs/Wechat/Application/Common/Conf/const.php 第 19 行.
INFO: [ app_begin ] --START--
INFO: Run Behavior\ReadHtmlCacheBehavior [ RunTime:0.000647s ]
INFO: [ app_begin ] --END-- [ RunTime:0.000703s ]
NOTIC: [2] curl_errno(): 26 is not a valid cURL handle resource /data/home/qxu1606460108/htdocs/Wechat/Application/Home/Controller/IndexController.class.php 第 154 行.
NOTIC: [8] Undefined index: ticket /data/home/qxu1606460108/htdocs/Wechat/Application/Home/Controller/IndexController.class.php 第 417 行.
INFO: [ app_end ] --START--
INFO: Run Behavior\ShowPageTraceBehavior [ RunTime:0.000663s ]
INFO: [ app_end ] --END-- [ RunTime:0.000727s ]

[ 2016-08-03T15:52:45+08:00 ] 115.201.122.57 /Wechat/index.php/Home/Index/getQrCode
INFO: [ app_init ] --START--
INFO: Run Behavior\BuildLiteBehavior [ RunTime:0.000017s ]
INFO: [ app_init ] --END-- [ RunTime:0.000403s ]
NOTIC: [8] Undefined variable: s /data/home/qxu1606460108/htdocs/Wechat/Application/Common/Conf/const.php 第 14 行.
NOTIC: [8] Undefined variable: s /data/home/qxu1606460108/htdocs/Wechat/Application/Common/Conf/const.php 第 17 行.
NOTIC: [8] Undefined variable: s /data/home/qxu1606460108/htdocs/Wechat/Application/Common/Conf/const.php 第 19 行.
INFO: [ app_begin ] --START--
INFO: Run Behavior\ReadHtmlCacheBehavior [ RunTime:0.000610s ]
INFO: [ app_begin ] --END-- [ RunTime:0.000666s ]
NOTIC: [2] curl_errno(): 26 is not a valid cURL handle resource /data/home/qxu1606460108/htdocs/Wechat/Application/Home/Controller/IndexController.class.php 第 154 行.
NOTIC: [8] Undefined index: ticket /data/home/qxu1606460108/htdocs/Wechat/Application/Home/Controller/IndexController.class.php 第 417 行.
INFO: [ app_end ] --START--
INFO: Run Behavior\ShowPageTraceBehavior [ RunTime:0.000711s ]
INFO: [ app_end ] --END-- [ RunTime:0.000777s ]

[ 2016-08-03T15:52:51+08:00 ] 115.201.122.57 /Wechat/index.php/Home/Index/getQrCode
INFO: [ app_init ] --START--
INFO: Run Behavior\BuildLiteBehavior [ RunTime:0.000017s ]
INFO: [ app_init ] --END-- [ RunTime:0.000418s ]
NOTIC: [8] Undefined variable: s /data/home/qxu1606460108/htdocs/Wechat/Application/Common/Conf/const.php 第 14 行.
NOTIC: [8] Undefined variable: s /data/home/qxu1606460108/htdocs/Wechat/Application/Common/Conf/const.php 第 17 行.
NOTIC: [8] Undefined variable: s /data/home/qxu1606460108/htdocs/Wechat/Application/Common/Conf/const.php 第 19 行.
INFO: [ app_begin ] --START--
INFO: Run Behavior\ReadHtmlCacheBehavior [ RunTime:0.000653s ]
INFO: [ app_begin ] --END-- [ RunTime:0.000708s ]
NOTIC: [2] curl_errno(): 26 is not a valid cURL handle resource /data/home/qxu1606460108/htdocs/Wechat/Application/Home/Controller/IndexController.class.php 第 154 行.
NOTIC: [8] Undefined index: ticket /data/home/qxu1606460108/htdocs/Wechat/Application/Home/Controller/IndexController.class.php 第 417 行.
INFO: [ app_end ] --START--
INFO: Run Behavior\ShowPageTraceBehavior [ RunTime:0.000624s ]
INFO: [ app_end ] --END-- [ RunTime:0.000680s ]

[ 2016-08-03T15:52:52+08:00 ] 115.201.122.57 /Wechat/index.php/Home/Index/getQrCode
INFO: [ app_init ] --START--
INFO: Run Behavior\BuildLiteBehavior [ RunTime:0.000018s ]
INFO: [ app_init ] --END-- [ RunTime:0.000421s ]
NOTIC: [8] Undefined variable: s /data/home/qxu1606460108/htdocs/Wechat/Application/Common/Conf/const.php 第 14 行.
NOTIC: [8] Undefined variable: s /data/home/qxu1606460108/htdocs/Wechat/Application/Common/Conf/const.php 第 17 行.
NOTIC: [8] Undefined variable: s /data/home/qxu1606460108/htdocs/Wechat/Application/Common/Conf/const.php 第 19 行.
INFO: [ app_begin ] --START--
INFO: Run Behavior\ReadHtmlCacheBehavior [ RunTime:0.000619s ]
INFO: [ app_begin ] --END-- [ RunTime:0.000672s ]
NOTIC: [2] curl_errno(): 26 is not a valid cURL handle resource /data/home/qxu1606460108/htdocs/Wechat/Application/Home/Controller/IndexController.class.php 第 154 行.
NOTIC: [8] Undefined index: ticket /data/home/qxu1606460108/htdocs/Wechat/Application/Home/Controller/IndexController.class.php 第 417 行.
INFO: [ app_end ] --START--
INFO: Run Behavior\ShowPageTraceBehavior [ RunTime:0.000721s ]
INFO: [ app_end ] --END-- [ RunTime:0.000786s ]

[ 2016-08-03T15:53:26+08:00 ] 115.201.122.57 /Wechat/index.php/Home/Index/getQrCode
INFO: [ app_init ] --START--
INFO: Run Behavior\BuildLiteBehavior [ RunTime:0.000020s ]
INFO: [ app_init ] --END-- [ RunTime:0.000439s ]
NOTIC: [8] Undefined variable: s /data/home/qxu1606460108/htdocs/Wechat/Application/Common/Conf/const.php 第 14 行.
NOTIC: [8] Undefined variable: s /data/home/qxu1606460108/htdocs/Wechat/Application/Common/Conf/const.php 第 17 行.
NOTIC: [8] Undefined variable: s /data/home/qxu1606460108/htdocs/Wechat/Application/Common/Conf/const.php 第 19 行.
INFO: [ app_begin ] --START--
INFO: Run Behavior\ReadHtmlCacheBehavior [ RunTime:0.000686s ]
INFO: [ app_begin ] --END-- [ RunTime:0.000751s ]
NOTIC: [2] curl_errno(): 26 is not a valid cURL handle resource /data/home/qxu1606460108/htdocs/Wechat/Application/Home/Controller/IndexController.class.php 第 154 行.
NOTIC: [8] Undefined index: ticket /data/home/qxu1606460108/htdocs/Wechat/Application/Home/Controller/IndexController.class.php 第 417 行.
INFO: [ app_end ] --START--
INFO: Run Behavior\ShowPageTraceBehavior [ RunTime:0.000656s ]
INFO: [ app_end ] --END-- [ RunTime:0.000716s ]

[ 2016-08-03T15:53:27+08:00 ] 115.201.122.57 /Wechat/index.php/Home/Index/getQrCode
INFO: [ app_init ] --START--
INFO: Run Behavior\BuildLiteBehavior [ RunTime:0.000020s ]
INFO: [ app_init ] --END-- [ RunTime:0.000428s ]
NOTIC: [8] Undefined variable: s /data/home/qxu1606460108/htdocs/Wechat/Application/Common/Conf/const.php 第 14 行.
NOTIC: [8] Undefined variable: s /data/home/qxu1606460108/htdocs/Wechat/Application/Common/Conf/const.php 第 17 行.
NOTIC: [8] Undefined variable: s /data/home/qxu1606460108/htdocs/Wechat/Application/Common/Conf/const.php 第 19 行.
INFO: [ app_begin ] --START--
INFO: Run Behavior\ReadHtmlCacheBehavior [ RunTime:0.000853s ]
INFO: [ app_begin ] --END-- [ RunTime:0.000937s ]
NOTIC: [2] curl_errno(): 26 is not a valid cURL handle resource /data/home/qxu1606460108/htdocs/Wechat/Application/Home/Controller/IndexController.class.php 第 154 行.
NOTIC: [8] Undefined index: ticket /data/home/qxu1606460108/htdocs/Wechat/Application/Home/Controller/IndexController.class.php 第 417 行.
INFO: [ app_end ] --START--
INFO: Run Behavior\ShowPageTraceBehavior [ RunTime:0.000668s ]
INFO: [ app_end ] --END-- [ RunTime:0.000733s ]

[ 2016-08-03T15:53:28+08:00 ] 115.201.122.57 /Wechat/index.php/Home/Index/getQrCode
INFO: [ app_init ] --START--
INFO: Run Behavior\BuildLiteBehavior [ RunTime:0.000018s ]
INFO: [ app_init ] --END-- [ RunTime:0.000418s ]
NOTIC: [8] Undefined variable: s /data/home/qxu1606460108/htdocs/Wechat/Application/Common/Conf/const.php 第 14 行.
NOTIC: [8] Undefined variable: s /data/home/qxu1606460108/htdocs/Wechat/Application/Common/Conf/const.php 第 17 行.
NOTIC: [8] Undefined variable: s /data/home/qxu1606460108/htdocs/Wechat/Application/Common/Conf/const.php 第 19 行.
INFO: [ app_begin ] --START--
INFO: Run Behavior\ReadHtmlCacheBehavior [ RunTime:0.000634s ]
INFO: [ app_begin ] --END-- [ RunTime:0.000688s ]
NOTIC: [2] curl_errno(): 26 is not a valid cURL handle resource /data/home/qxu1606460108/htdocs/Wechat/Application/Home/Controller/IndexController.class.php 第 154 行.
NOTIC: [8] Undefined index: ticket /data/home/qxu1606460108/htdocs/Wechat/Application/Home/Controller/IndexController.class.php 第 417 行.
INFO: [ app_end ] --START--
INFO: Run Behavior\ShowPageTraceBehavior [ RunTime:0.000721s ]
INFO: [ app_end ] --END-- [ RunTime:0.000786s ]

[ 2016-08-03T15:53:28+08:00 ] 115.201.122.57 /Wechat/index.php/Home/Index/getQrCode
INFO: [ app_init ] --START--
INFO: Run Behavior\BuildLiteBehavior [ RunTime:0.000016s ]
INFO: [ app_init ] --END-- [ RunTime:0.000393s ]
NOTIC: [8] Undefined variable: s /data/home/qxu1606460108/htdocs/Wechat/Application/Common/Conf/const.php 第 14 行.
NOTIC: [8] Undefined variable: s /data/home/qxu1606460108/htdocs/Wechat/Application/Common/Conf/const.php 第 17 行.
NOTIC: [8] Undefined variable: s /data/home/qxu1606460108/htdocs/Wechat/Application/Common/Conf/const.php 第 19 行.
INFO: [ app_begin ] --START--
INFO: Run Behavior\ReadHtmlCacheBehavior [ RunTime:0.000638s ]
INFO: [ app_begin ] --END-- [ RunTime:0.000694s ]
NOTIC: [2] curl_errno(): 26 is not a valid cURL handle resource /data/home/qxu1606460108/htdocs/Wechat/Application/Home/Controller/IndexController.class.php 第 154 行.
NOTIC: [8] Undefined index: ticket /data/home/qxu1606460108/htdocs/Wechat/Application/Home/Controller/IndexController.class.php 第 417 行.
INFO: [ app_end ] --START--
INFO: Run Behavior\ShowPageTraceBehavior [ RunTime:0.000705s ]
INFO: [ app_end ] --END-- [ RunTime:0.000769s ]

[ 2016-08-03T15:53:29+08:00 ] 115.201.122.57 /Wechat/index.php/Home/Index/getQrCode
INFO: [ app_init ] --START--
INFO: Run Behavior\BuildLiteBehavior [ RunTime:0.000020s ]
INFO: [ app_init ] --END-- [ RunTime:0.000473s ]
NOTIC: [8] Undefined variable: s /data/home/qxu1606460108/htdocs/Wechat/Application/Common/Conf/const.php 第 14 行.
NOTIC: [8] Undefined variable: s /data/home/qxu1606460108/htdocs/Wechat/Application/Common/Conf/const.php 第 17 行.
NOTIC: [8] Undefined variable: s /data/home/qxu1606460108/htdocs/Wechat/Application/Common/Conf/const.php 第 19 行.
INFO: [ app_begin ] --START--
INFO: Run Behavior\ReadHtmlCacheBehavior [ RunTime:0.000667s ]
INFO: [ app_begin ] --END-- [ RunTime:0.000723s ]
NOTIC: [2] curl_errno(): 26 is not a valid cURL handle resource /data/home/qxu1606460108/htdocs/Wechat/Application/Home/Controller/IndexController.class.php 第 154 行.
NOTIC: [8] Undefined index: ticket /data/home/qxu1606460108/htdocs/Wechat/Application/Home/Controller/IndexController.class.php 第 417 行.
INFO: [ app_end ] --START--
INFO: Run Behavior\ShowPageTraceBehavior [ RunTime:0.000718s ]
INFO: [ app_end ] --END-- [ RunTime:0.000782s ]

[ 2016-08-03T15:53:29+08:00 ] 115.201.122.57 /Wechat/index.php/Home/Index/getQrCode
INFO: [ app_init ] --START--
INFO: Run Behavior\BuildLiteBehavior [ RunTime:0.000017s ]
INFO: [ app_init ] --END-- [ RunTime:0.000395s ]
NOTIC: [8] Undefined variable: s /data/home/qxu1606460108/htdocs/Wechat/Application/Common/Conf/const.php 第 14 行.
NOTIC: [8] Undefined variable: s /data/home/qxu1606460108/htdocs/Wechat/Application/Common/Conf/const.php 第 17 行.
NOTIC: [8] Undefined variable: s /data/home/qxu1606460108/htdocs/Wechat/Application/Common/Conf/const.php 第 19 行.
INFO: [ app_begin ] --START--
INFO: Run Behavior\ReadHtmlCacheBehavior [ RunTime:0.000626s ]
INFO: [ app_begin ] --END-- [ RunTime:0.000680s ]
NOTIC: [2] curl_errno(): 26 is not a valid cURL handle resource /data/home/qxu1606460108/htdocs/Wechat/Application/Home/Controller/IndexController.class.php 第 154 行.
NOTIC: [8] Undefined index: ticket /data/home/qxu1606460108/htdocs/Wechat/Application/Home/Controller/IndexController.class.php 第 417 行.
INFO: [ app_end ] --START--
INFO: Run Behavior\ShowPageTraceBehavior [ RunTime:0.000651s ]
INFO: [ app_end ] --END-- [ RunTime:0.000714s ]

[ 2016-08-03T15:53:29+08:00 ] 115.201.122.57 /Wechat/index.php/Home/Index/getQrCode
INFO: [ app_init ] --START--
INFO: Run Behavior\BuildLiteBehavior [ RunTime:0.000018s ]
INFO: [ app_init ] --END-- [ RunTime:0.000402s ]
NOTIC: [8] Undefined variable: s /data/home/qxu1606460108/htdocs/Wechat/Application/Common/Conf/const.php 第 14 行.
NOTIC: [8] Undefined variable: s /data/home/qxu1606460108/htdocs/Wechat/Application/Common/Conf/const.php 第 17 行.
NOTIC: [8] Undefined variable: s /data/home/qxu1606460108/htdocs/Wechat/Application/Common/Conf/const.php 第 19 行.
INFO: [ app_begin ] --START--
INFO: Run Behavior\ReadHtmlCacheBehavior [ RunTime:0.000633s ]
INFO: [ app_begin ] --END-- [ RunTime:0.000699s ]
NOTIC: [2] curl_errno(): 26 is not a valid cURL handle resource /data/home/qxu1606460108/htdocs/Wechat/Application/Home/Controller/IndexController.class.php 第 154 行.
NOTIC: [8] Undefined index: ticket /data/home/qxu1606460108/htdocs/Wechat/Application/Home/Controller/IndexController.class.php 第 417 行.
INFO: [ app_end ] --START--
INFO: Run Behavior\ShowPageTraceBehavior [ RunTime:0.000698s ]
INFO: [ app_end ] --END-- [ RunTime:0.000766s ]

[ 2016-08-03T15:53:30+08:00 ] 115.201.122.57 /Wechat/index.php/Home/Index/getQrCode
INFO: [ app_init ] --START--
INFO: Run Behavior\BuildLiteBehavior [ RunTime:0.000021s ]
INFO: [ app_init ] --END-- [ RunTime:0.000448s ]
NOTIC: [8] Undefined variable: s /data/home/qxu1606460108/htdocs/Wechat/Application/Common/Conf/const.php 第 14 行.
NOTIC: [8] Undefined variable: s /data/home/qxu1606460108/htdocs/Wechat/Application/Common/Conf/const.php 第 17 行.
NOTIC: [8] Undefined variable: s /data/home/qxu1606460108/htdocs/Wechat/Application/Common/Conf/const.php 第 19 行.
INFO: [ app_begin ] --START--
INFO: Run Behavior\ReadHtmlCacheBehavior [ RunTime:0.000724s ]
INFO: [ app_begin ] --END-- [ RunTime:0.000779s ]
NOTIC: [2] curl_errno(): 26 is not a valid cURL handle resource /data/home/qxu1606460108/htdocs/Wechat/Application/Home/Controller/IndexController.class.php 第 154 行.
NOTIC: [8] Undefined index: ticket /data/home/qxu1606460108/htdocs/Wechat/Application/Home/Controller/IndexController.class.php 第 417 行.
INFO: [ app_end ] --START--
INFO: Run Behavior\ShowPageTraceBehavior [ RunTime:0.000701s ]
INFO: [ app_end ] --END-- [ RunTime:0.000780s ]

[ 2016-08-03T15:53:30+08:00 ] 115.201.122.57 /Wechat/index.php/Home/Index/getQrCode
INFO: [ app_init ] --START--
INFO: Run Behavior\BuildLiteBehavior [ RunTime:0.000016s ]
INFO: [ app_init ] --END-- [ RunTime:0.000397s ]
NOTIC: [8] Undefined variable: s /data/home/qxu1606460108/htdocs/Wechat/Application/Common/Conf/const.php 第 14 行.
NOTIC: [8] Undefined variable: s /data/home/qxu1606460108/htdocs/Wechat/Application/Common/Conf/const.php 第 17 行.
NOTIC: [8] Undefined variable: s /data/home/qxu1606460108/htdocs/Wechat/Application/Common/Conf/const.php 第 19 行.
INFO: [ app_begin ] --START--
INFO: Run Behavior\ReadHtmlCacheBehavior [ RunTime:0.000723s ]
INFO: [ app_begin ] --END-- [ RunTime:0.000778s ]
NOTIC: [2] curl_errno(): 26 is not a valid cURL handle resource /data/home/qxu1606460108/htdocs/Wechat/Application/Home/Controller/IndexController.class.php 第 154 行.
NOTIC: [8] Undefined index: ticket /data/home/qxu1606460108/htdocs/Wechat/Application/Home/Controller/IndexController.class.php 第 417 行.
INFO: [ app_end ] --START--
INFO: Run Behavior\ShowPageTraceBehavior [ RunTime:0.000741s ]
INFO: [ app_end ] --END-- [ RunTime:0.000809s ]

[ 2016-08-03T15:53:30+08:00 ] 115.201.122.57 /Wechat/index.php/Home/Index/getQrCode
INFO: [ app_init ] --START--
INFO: Run Behavior\BuildLiteBehavior [ RunTime:0.000017s ]
INFO: [ app_init ] --END-- [ RunTime:0.000394s ]
NOTIC: [8] Undefined variable: s /data/home/qxu1606460108/htdocs/Wechat/Application/Common/Conf/const.php 第 14 行.
NOTIC: [8] Undefined variable: s /data/home/qxu1606460108/htdocs/Wechat/Application/Common/Conf/const.php 第 17 行.
NOTIC: [8] Undefined variable: s /data/home/qxu1606460108/htdocs/Wechat/Application/Common/Conf/const.php 第 19 行.
INFO: [ app_begin ] --START--
INFO: Run Behavior\ReadHtmlCacheBehavior [ RunTime:0.000603s ]
INFO: [ app_begin ] --END-- [ RunTime:0.000658s ]
NOTIC: [2] curl_errno(): 26 is not a valid cURL handle resource /data/home/qxu1606460108/htdocs/Wechat/Application/Home/Controller/IndexController.class.php 第 154 行.
NOTIC: [8] Undefined index: ticket /data/home/qxu1606460108/htdocs/Wechat/Application/Home/Controller/IndexController.class.php 第 417 行.
INFO: [ app_end ] --START--
INFO: Run Behavior\ShowPageTraceBehavior [ RunTime:0.000719s ]
INFO: [ app_end ] --END-- [ RunTime:0.000795s ]

[ 2016-08-03T15:53:31+08:00 ] 115.201.122.57 /Wechat/index.php/Home/Index/getQrCode
INFO: [ app_init ] --START--
INFO: Run Behavior\BuildLiteBehavior [ RunTime:0.000020s ]
INFO: [ app_init ] --END-- [ RunTime:0.000418s ]
NOTIC: [8] Undefined variable: s /data/home/qxu1606460108/htdocs/Wechat/Application/Common/Conf/const.php 第 14 行.
NOTIC: [8] Undefined variable: s /data/home/qxu1606460108/htdocs/Wechat/Application/Common/Conf/const.php 第 17 行.
NOTIC: [8] Undefined variable: s /data/home/qxu1606460108/htdocs/Wechat/Application/Common/Conf/const.php 第 19 行.
INFO: [ app_begin ] --START--
INFO: Run Behavior\ReadHtmlCacheBehavior [ RunTime:0.000658s ]
INFO: [ app_begin ] --END-- [ RunTime:0.000717s ]
NOTIC: [2] curl_errno(): 26 is not a valid cURL handle resource /data/home/qxu1606460108/htdocs/Wechat/Application/Home/Controller/IndexController.class.php 第 154 行.
NOTIC: [8] Undefined index: ticket /data/home/qxu1606460108/htdocs/Wechat/Application/Home/Controller/IndexController.class.php 第 417 行.
INFO: [ app_end ] --START--
INFO: Run Behavior\ShowPageTraceBehavior [ RunTime:0.000707s ]
INFO: [ app_end ] --END-- [ RunTime:0.000774s ]

[ 2016-08-03T15:53:31+08:00 ] 115.201.122.57 /Wechat/index.php/Home/Index/getQrCode
INFO: [ app_init ] --START--
INFO: Run Behavior\BuildLiteBehavior [ RunTime:0.000017s ]
INFO: [ app_init ] --END-- [ RunTime:0.000397s ]
NOTIC: [8] Undefined variable: s /data/home/qxu1606460108/htdocs/Wechat/Application/Common/Conf/const.php 第 14 行.
NOTIC: [8] Undefined variable: s /data/home/qxu1606460108/htdocs/Wechat/Application/Common/Conf/const.php 第 17 行.
NOTIC: [8] Undefined variable: s /data/home/qxu1606460108/htdocs/Wechat/Application/Common/Conf/const.php 第 19 行.
INFO: [ app_begin ] --START--
INFO: Run Behavior\ReadHtmlCacheBehavior [ RunTime:0.000610s ]
INFO: [ app_begin ] --END-- [ RunTime:0.000664s ]
NOTIC: [2] curl_errno(): 26 is not a valid cURL handle resource /data/home/qxu1606460108/htdocs/Wechat/Application/Home/Controller/IndexController.class.php 第 154 行.
NOTIC: [8] Undefined index: ticket /data/home/qxu1606460108/htdocs/Wechat/Application/Home/Controller/IndexController.class.php 第 417 行.
INFO: [ app_end ] --START--
INFO: Run Behavior\ShowPageTraceBehavior [ RunTime:0.000750s ]
INFO: [ app_end ] --END-- [ RunTime:0.000815s ]

[ 2016-08-03T15:53:31+08:00 ] 115.201.122.57 /Wechat/index.php/Home/Index/getQrCode
INFO: [ app_init ] --START--
INFO: Run Behavior\BuildLiteBehavior [ RunTime:0.000017s ]
INFO: [ app_init ] --END-- [ RunTime:0.000402s ]
NOTIC: [8] Undefined variable: s /data/home/qxu1606460108/htdocs/Wechat/Application/Common/Conf/const.php 第 14 行.
NOTIC: [8] Undefined variable: s /data/home/qxu1606460108/htdocs/Wechat/Application/Common/Conf/const.php 第 17 行.
NOTIC: [8] Undefined variable: s /data/home/qxu1606460108/htdocs/Wechat/Application/Common/Conf/const.php 第 19 行.
INFO: [ app_begin ] --START--
INFO: Run Behavior\ReadHtmlCacheBehavior [ RunTime:0.000621s ]
INFO: [ app_begin ] --END-- [ RunTime:0.000679s ]
NOTIC: [2] curl_errno(): 26 is not a valid cURL handle resource /data/home/qxu1606460108/htdocs/Wechat/Application/Home/Controller/IndexController.class.php 第 154 行.
NOTIC: [8] Undefined index: ticket /data/home/qxu1606460108/htdocs/Wechat/Application/Home/Controller/IndexController.class.php 第 417 行.
INFO: [ app_end ] --START--
INFO: Run Behavior\ShowPageTraceBehavior [ RunTime:0.000753s ]
INFO: [ app_end ] --END-- [ RunTime:0.000829s ]

[ 2016-08-03T15:53:32+08:00 ] 115.201.122.57 /Wechat/index.php/Home/Index/getQrCode
INFO: [ app_init ] --START--
INFO: Run Behavior\BuildLiteBehavior [ RunTime:0.000017s ]
INFO: [ app_init ] --END-- [ RunTime:0.000406s ]
NOTIC: [8] Undefined variable: s /data/home/qxu1606460108/htdocs/Wechat/Application/Common/Conf/const.php 第 14 行.
NOTIC: [8] Undefined variable: s /data/home/qxu1606460108/htdocs/Wechat/Application/Common/Conf/const.php 第 17 行.
NOTIC: [8] Undefined variable: s /data/home/qxu1606460108/htdocs/Wechat/Application/Common/Conf/const.php 第 19 行.
INFO: [ app_begin ] --START--
INFO: Run Behavior\ReadHtmlCacheBehavior [ RunTime:0.000619s ]
INFO: [ app_begin ] --END-- [ RunTime:0.000673s ]
NOTIC: [2] curl_errno(): 26 is not a valid cURL handle resource /data/home/qxu1606460108/htdocs/Wechat/Application/Home/Controller/IndexController.class.php 第 154 行.
NOTIC: [8] Undefined index: ticket /data/home/qxu1606460108/htdocs/Wechat/Application/Home/Controller/IndexController.class.php 第 417 行.
INFO: [ app_end ] --START--
INFO: Run Behavior\ShowPageTraceBehavior [ RunTime:0.001020s ]
INFO: [ app_end ] --END-- [ RunTime:0.001113s ]

[ 2016-08-03T15:53:32+08:00 ] 115.201.122.57 /Wechat/index.php/Home/Index/getQrCode
INFO: [ app_init ] --START--
INFO: Run Behavior\BuildLiteBehavior [ RunTime:0.000023s ]
INFO: [ app_init ] --END-- [ RunTime:0.000455s ]
NOTIC: [8] Undefined variable: s /data/home/qxu1606460108/htdocs/Wechat/Application/Common/Conf/const.php 第 14 行.
NOTIC: [8] Undefined variable: s /data/home/qxu1606460108/htdocs/Wechat/Application/Common/Conf/const.php 第 17 行.
NOTIC: [8] Undefined variable: s /data/home/qxu1606460108/htdocs/Wechat/Application/Common/Conf/const.php 第 19 行.
INFO: [ app_begin ] --START--
INFO: Run Behavior\ReadHtmlCacheBehavior [ RunTime:0.000676s ]
INFO: [ app_begin ] --END-- [ RunTime:0.000732s ]
NOTIC: [2] curl_errno(): 26 is not a valid cURL handle resource /data/home/qxu1606460108/htdocs/Wechat/Application/Home/Controller/IndexController.class.php 第 154 行.
NOTIC: [8] Undefined index: ticket /data/home/qxu1606460108/htdocs/Wechat/Application/Home/Controller/IndexController.class.php 第 417 行.
INFO: [ app_end ] --START--
INFO: Run Behavior\ShowPageTraceBehavior [ RunTime:0.000986s ]
INFO: [ app_end ] --END-- [ RunTime:0.001077s ]

[ 2016-08-03T15:54:24+08:00 ] 115.201.122.57 /Wechat/index.php/Home/Index/getQrCode
INFO: [ app_init ] --START--
INFO: Run Behavior\BuildLiteBehavior [ RunTime:0.000017s ]
INFO: [ app_init ] --END-- [ RunTime:0.000401s ]
NOTIC: [8] Undefined variable: s /data/home/qxu1606460108/htdocs/Wechat/Application/Common/Conf/const.php 第 14 行.
NOTIC: [8] Undefined variable: s /data/home/qxu1606460108/htdocs/Wechat/Application/Common/Conf/const.php 第 17 行.
NOTIC: [8] Undefined variable: s /data/home/qxu1606460108/htdocs/Wechat/Application/Common/Conf/const.php 第 19 行.
INFO: [ app_begin ] --START--
INFO: Run Behavior\ReadHtmlCacheBehavior [ RunTime:0.000616s ]
INFO: [ app_begin ] --END-- [ RunTime:0.000671s ]
NOTIC: [2] curl_errno(): 26 is not a valid cURL handle resource /data/home/qxu1606460108/htdocs/Wechat/Application/Home/Controller/IndexController.class.php 第 154 行.
NOTIC: [8] Undefined index: ticket /data/home/qxu1606460108/htdocs/Wechat/Application/Home/Controller/IndexController.class.php 第 416 行.
INFO: [ app_end ] --START--
INFO: Run Behavior\ShowPageTraceBehavior [ RunTime:0.000851s ]
INFO: [ app_end ] --END-- [ RunTime:0.000933s ]

[ 2016-08-03T15:55:18+08:00 ] 101.226.233.145 /Wechat/index.php/Home/Index/index?signature=d0d568df66bbe1f46d6bcb6c548b64ebb5a68382&timestamp=1470210916&nonce=1196509711&openid=oI96ovxSIIF5Ie0cseZU3G6Y8cFM&encrypt_type=aes&msg_signature=1a70f8526dba97c4fd54a64d2dcbf308ff6ebd22
INFO: [ app_init ] --START--
INFO: Run Behavior\BuildLiteBehavior [ RunTime:0.000017s ]
INFO: [ app_init ] --END-- [ RunTime:0.000405s ]
NOTIC: [8] Undefined variable: s /data/home/qxu1606460108/htdocs/Wechat/Application/Common/Conf/const.php 第 14 行.
NOTIC: [8] Undefined variable: s /data/home/qxu1606460108/htdocs/Wechat/Application/Common/Conf/const.php 第 17 行.
NOTIC: [8] Undefined variable: s /data/home/qxu1606460108/htdocs/Wechat/Application/Common/Conf/const.php 第 19 行.
INFO: [ app_begin ] --START--
INFO: Run Behavior\ReadHtmlCacheBehavior [ RunTime:0.000625s ]
INFO: [ app_begin ] --END-- [ RunTime:0.000684s ]
INFO: [ app_end ] --START--
INFO: Run Behavior\ShowPageTraceBehavior [ RunTime:0.000521s ]
INFO: [ app_end ] --END-- [ RunTime:0.000578s ]

[ 2016-08-03T15:55:45+08:00 ] 115.201.122.57 /Wechat/index.php/Home/Index/defineMenu
INFO: [ app_init ] --START--
INFO: Run Behavior\BuildLiteBehavior [ RunTime:0.000017s ]
INFO: [ app_init ] --END-- [ RunTime:0.000529s ]
NOTIC: [8] Undefined variable: s /data/home/qxu1606460108/htdocs/Wechat/Application/Common/Conf/const.php 第 14 行.
NOTIC: [8] Undefined variable: s /data/home/qxu1606460108/htdocs/Wechat/Application/Common/Conf/const.php 第 17 行.
NOTIC: [8] Undefined variable: s /data/home/qxu1606460108/htdocs/Wechat/Application/Common/Conf/const.php 第 19 行.
INFO: [ app_begin ] --START--
INFO: Run Behavior\ReadHtmlCacheBehavior [ RunTime:0.000936s ]
INFO: [ app_begin ] --END-- [ RunTime:0.001009s ]
NOTIC: [2] curl_errno(): 26 is not a valid cURL handle resource /data/home/qxu1606460108/htdocs/Wechat/Application/Home/Controller/IndexController.class.php 第 154 行.
INFO: [ app_end ] --START--
INFO: Run Behavior\ShowPageTraceBehavior [ RunTime:0.000802s ]
INFO: [ app_end ] --END-- [ RunTime:0.000893s ]

[ 2016-08-03T15:56:00+08:00 ] 115.201.122.57 /Wechat/index.php/Home/Index/getAccessToken
INFO: [ app_init ] --START--
INFO: Run Behavior\BuildLiteBehavior [ RunTime:0.000018s ]
INFO: [ app_init ] --END-- [ RunTime:0.000404s ]
NOTIC: [8] Undefined variable: s /data/home/qxu1606460108/htdocs/Wechat/Application/Common/Conf/const.php 第 14 行.
NOTIC: [8] Undefined variable: s /data/home/qxu1606460108/htdocs/Wechat/Application/Common/Conf/const.php 第 17 行.
NOTIC: [8] Undefined variable: s /data/home/qxu1606460108/htdocs/Wechat/Application/Common/Conf/const.php 第 19 行.
INFO: [ app_begin ] --START--
INFO: Run Behavior\ReadHtmlCacheBehavior [ RunTime:0.000617s ]
INFO: [ app_begin ] --END-- [ RunTime:0.000686s ]
INFO: [ app_end ] --START--
INFO: Run Behavior\ShowPageTraceBehavior [ RunTime:0.000614s ]
INFO: [ app_end ] --END-- [ RunTime:0.000692s ]

[ 2016-08-03T15:56:07+08:00 ] 115.201.122.57 /Wechat/index.php/Home/Index/sendMsgAll
INFO: [ app_init ] --START--
INFO: Run Behavior\BuildLiteBehavior [ RunTime:0.000020s ]
INFO: [ app_init ] --END-- [ RunTime:0.000415s ]
NOTIC: [8] Undefined variable: s /data/home/qxu1606460108/htdocs/Wechat/Application/Common/Conf/const.php 第 14 行.
NOTIC: [8] Undefined variable: s /data/home/qxu1606460108/htdocs/Wechat/Application/Common/Conf/const.php 第 17 行.
NOTIC: [8] Undefined variable: s /data/home/qxu1606460108/htdocs/Wechat/Application/Common/Conf/const.php 第 19 行.
INFO: [ app_begin ] --START--
INFO: Run Behavior\ReadHtmlCacheBehavior [ RunTime:0.000651s ]
INFO: [ app_begin ] --END-- [ RunTime:0.000706s ]
NOTIC: [2] curl_errno(): 26 is not a valid cURL handle resource /data/home/qxu1606460108/htdocs/Wechat/Application/Home/Controller/IndexController.class.php 第 154 行.
INFO: [ app_end ] --START--
INFO: Run Behavior\ShowPageTraceBehavior [ RunTime:0.000703s ]
INFO: [ app_end ] --END-- [ RunTime:0.000789s ]

[ 2016-08-03T15:58:23+08:00 ] 180.153.214.181 /Wechat/index.php/Home/Index/index
INFO: [ app_init ] --START--
INFO: Run Behavior\BuildLiteBehavior [ RunTime:0.000017s ]
INFO: [ app_init ] --END-- [ RunTime:0.000393s ]
NOTIC: [8] Undefined variable: s /data/home/qxu1606460108/htdocs/Wechat/Application/Common/Conf/const.php 第 14 行.
NOTIC: [8] Undefined variable: s /data/home/qxu1606460108/htdocs/Wechat/Application/Common/Conf/const.php 第 17 行.
NOTIC: [8] Undefined variable: s /data/home/qxu1606460108/htdocs/Wechat/Application/Common/Conf/const.php 第 19 行.
INFO: [ app_begin ] --START--
INFO: Run Behavior\ReadHtmlCacheBehavior [ RunTime:0.000639s ]
INFO: [ app_begin ] --END-- [ RunTime:0.000703s ]
NOTIC: [8] Undefined index: HTTP_RAW_POST_DATA /data/home/qxu1606460108/htdocs/Wechat/Application/Home/Controller/IndexController.class.php 第 23 行.

