[ 2016-07-30T16:00:30+08:00 ] 115.202.117.57 /Wechat/index.php
INFO: [ app_init ] --START--
INFO: Run Behavior\BuildLiteBehavior [ RunTime:0.000031s ]
INFO: [ app_init ] --END-- [ RunTime:0.000153s ]
INFO: [ app_begin ] --START--
INFO: Run Behavior\ReadHtmlCacheBehavior [ RunTime:0.000568s ]
INFO: [ app_begin ] --END-- [ RunTime:0.000623s ]
INFO: [ view_parse ] --START--
INFO: [ template_filter ] --START--
INFO: Run Behavior\ContentReplaceBehavior [ RunTime:0.000050s ]
INFO: [ template_filter ] --END-- [ RunTime:0.000128s ]
INFO: Run Behavior\ParseTemplateBehavior [ RunTime:0.005994s ]
INFO: [ view_parse ] --END-- [ RunTime:0.006049s ]
INFO: [ view_filter ] --START--
INFO: Run Behavior\WriteHtmlCacheBehavior [ RunTime:0.000293s ]
INFO: [ view_filter ] --END-- [ RunTime:0.000335s ]
INFO: [ app_end ] --START--
INFO: Run Behavior\ShowPageTraceBehavior [ RunTime:0.000760s ]
INFO: [ app_end ] --END-- [ RunTime:0.000820s ]

[ 2016-07-30T16:20:18+08:00 ] 101.226.103.69 /Wechat/index.php/Home/Index/index?signature=527578de43f219f06734f04f912610214bdb71ae&echostr=5683750362815592313&timestamp=1469866816&nonce=926989861
INFO: [ app_init ] --START--
INFO: Run Behavior\BuildLiteBehavior [ RunTime:0.000029s ]
INFO: [ app_init ] --END-- [ RunTime:0.000615s ]
INFO: [ app_begin ] --START--
INFO: Run Behavior\ReadHtmlCacheBehavior [ RunTime:0.000771s ]
INFO: [ app_begin ] --END-- [ RunTime:0.000869s ]

[ 2016-07-30T16:20:41+08:00 ] 115.202.117.57 /Wechat/index.php/Home/Index/show
INFO: [ app_init ] --START--
INFO: Run Behavior\BuildLiteBehavior [ RunTime:0.000017s ]
INFO: [ app_init ] --END-- [ RunTime:0.000415s ]
INFO: [ app_begin ] --START--
INFO: Run Behavior\ReadHtmlCacheBehavior [ RunTime:0.000597s ]
INFO: [ app_begin ] --END-- [ RunTime:0.000647s ]
ERR: 非法操作:show

[ 2016-07-30T16:20:48+08:00 ] 115.202.117.57 /Wechat/index.php/Home/Index/index
INFO: [ app_init ] --START--
INFO: Run Behavior\BuildLiteBehavior [ RunTime:0.000021s ]
INFO: [ app_init ] --END-- [ RunTime:0.000440s ]
INFO: [ app_begin ] --START--
INFO: Run Behavior\ReadHtmlCacheBehavior [ RunTime:0.000667s ]
INFO: [ app_begin ] --END-- [ RunTime:0.000721s ]
NOTIC: [8] Undefined index: HTTP_RAW_POST_DATA /data/home/qxu1606460108/htdocs/Wechat/Application/Home/Controller/IndexController.class.php 第 56 行.

[ 2016-07-30T16:23:18+08:00 ] 117.185.27.115 /Wechat/index.php/Home/Index/index
INFO: [ app_init ] --START--
INFO: Run Behavior\BuildLiteBehavior [ RunTime:0.000028s ]
INFO: [ app_init ] --END-- [ RunTime:0.000669s ]
INFO: [ app_begin ] --START--
INFO: Run Behavior\ReadHtmlCacheBehavior [ RunTime:0.000702s ]
INFO: [ app_begin ] --END-- [ RunTime:0.000754s ]
NOTIC: [8] Undefined index: HTTP_RAW_POST_DATA /data/home/qxu1606460108/htdocs/Wechat/Application/Home/Controller/IndexController.class.php 第 56 行.

[ 2016-07-30T16:25:30+08:00 ] 101.226.233.145 /Wechat/index.php/Home/Index/index?signature=1c7ac048d9971e5db3512af3d93f508688849bdf&timestamp=1469867128&nonce=1633685880&openid=oI96ovxSIIF5Ie0cseZU3G6Y8cFM&encrypt_type=aes&msg_signature=6494aab69d139f115ca6bbc04169a70513814b2a
INFO: [ app_init ] --START--
INFO: Run Behavior\BuildLiteBehavior [ RunTime:0.000017s ]
INFO: [ app_init ] --END-- [ RunTime:0.000402s ]
INFO: [ app_begin ] --START--
INFO: Run Behavior\ReadHtmlCacheBehavior [ RunTime:0.000607s ]
INFO: [ app_begin ] --END-- [ RunTime:0.000660s ]
INFO: [ app_end ] --START--
INFO: Run Behavior\ShowPageTraceBehavior [ RunTime:0.000523s ]
INFO: [ app_end ] --END-- [ RunTime:0.000581s ]

[ 2016-07-30T16:31:49+08:00 ] 101.226.233.140 /Wechat/index.php/Home/Index/index?signature=87cd7a54c2eacf079a03b988271762aeaab8a996&timestamp=1469867507&nonce=1450957086&openid=oI96ovxSIIF5Ie0cseZU3G6Y8cFM&encrypt_type=aes&msg_signature=8a4b19ba1372bd36d4cde35548b2d800f7f7acae
INFO: [ app_init ] --START--
INFO: Run Behavior\BuildLiteBehavior [ RunTime:0.000018s ]
INFO: [ app_init ] --END-- [ RunTime:0.000399s ]
INFO: [ app_begin ] --START--
INFO: Run Behavior\ReadHtmlCacheBehavior [ RunTime:0.000626s ]
INFO: [ app_begin ] --END-- [ RunTime:0.000680s ]
INFO: [ app_end ] --START--
INFO: Run Behavior\ShowPageTraceBehavior [ RunTime:0.000537s ]
INFO: [ app_end ] --END-- [ RunTime:0.000596s ]

[ 2016-07-30T16:31:53+08:00 ] 101.226.233.150 /Wechat/index.php/Home/Index/index?signature=a5114d760138419a1870fef552e02e87526c3a34&timestamp=1469867511&nonce=512049359&openid=oI96ovxSIIF5Ie0cseZU3G6Y8cFM&encrypt_type=aes&msg_signature=b033a8536146f9af01e36a70f889290d0811c0f5
INFO: [ app_init ] --START--
INFO: Run Behavior\BuildLiteBehavior [ RunTime:0.000018s ]
INFO: [ app_init ] --END-- [ RunTime:0.000404s ]
INFO: [ app_begin ] --START--
INFO: Run Behavior\ReadHtmlCacheBehavior [ RunTime:0.000599s ]
INFO: [ app_begin ] --END-- [ RunTime:0.000650s ]
INFO: [ app_end ] --START--
INFO: Run Behavior\ShowPageTraceBehavior [ RunTime:0.000540s ]
INFO: [ app_end ] --END-- [ RunTime:0.000597s ]

[ 2016-07-30T16:31:56+08:00 ] 101.226.233.150 /Wechat/index.php/Home/Index/index?signature=8c330c5ea0ef74d9d22432cfded7671945e18349&timestamp=1469867513&nonce=1514087169&openid=oI96ovxSIIF5Ie0cseZU3G6Y8cFM&encrypt_type=aes&msg_signature=738c267d0b14571c1b6b06407fd9799cbbc7f0d0
INFO: [ app_init ] --START--
INFO: Run Behavior\BuildLiteBehavior [ RunTime:0.000018s ]
INFO: [ app_init ] --END-- [ RunTime:0.000413s ]
INFO: [ app_begin ] --START--
INFO: Run Behavior\ReadHtmlCacheBehavior [ RunTime:0.000773s ]
INFO: [ app_begin ] --END-- [ RunTime:0.000852s ]
INFO: [ app_end ] --START--
INFO: Run Behavior\ShowPageTraceBehavior [ RunTime:0.000551s ]
INFO: [ app_end ] --END-- [ RunTime:0.000610s ]

[ 2016-07-30T16:32:00+08:00 ] 101.226.233.150 /Wechat/index.php/Home/Index/index?signature=4dff78b371ad6a452016211d993c9c4960f18a67&timestamp=1469867518&nonce=1216546671&openid=oI96ovxSIIF5Ie0cseZU3G6Y8cFM&encrypt_type=aes&msg_signature=28a7cc1c87a1d1dede0e6d7ec077dd7a67030aec
INFO: [ app_init ] --START--
INFO: Run Behavior\BuildLiteBehavior [ RunTime:0.000018s ]
INFO: [ app_init ] --END-- [ RunTime:0.000411s ]
INFO: [ app_begin ] --START--
INFO: Run Behavior\ReadHtmlCacheBehavior [ RunTime:0.000602s ]
INFO: [ app_begin ] --END-- [ RunTime:0.000653s ]
INFO: [ app_end ] --START--
INFO: Run Behavior\ShowPageTraceBehavior [ RunTime:0.000526s ]
INFO: [ app_end ] --END-- [ RunTime:0.000596s ]

[ 2016-07-30T16:47:29+08:00 ] 101.226.233.145 /Wechat/index.php/Home/Index/index?signature=91262009f09113933c5b10109c2cec0e4df8424c&timestamp=1469868447&nonce=587633700&openid=oI96ovxSIIF5Ie0cseZU3G6Y8cFM&encrypt_type=aes&msg_signature=67b7987955c479827798dab2e31fb385725afebe
INFO: [ app_init ] --START--
INFO: Run Behavior\BuildLiteBehavior [ RunTime:0.000017s ]
INFO: [ app_init ] --END-- [ RunTime:0.000395s ]
INFO: [ app_begin ] --START--
INFO: Run Behavior\ReadHtmlCacheBehavior [ RunTime:0.000614s ]
INFO: [ app_begin ] --END-- [ RunTime:0.000665s ]
INFO: [ app_end ] --START--
INFO: Run Behavior\ShowPageTraceBehavior [ RunTime:0.000535s ]
INFO: [ app_end ] --END-- [ RunTime:0.000593s ]

[ 2016-07-30T16:47:51+08:00 ] 101.226.233.140 /Wechat/index.php/Home/Index/index?signature=d478dd5ebca1c9628feb2050b9b42aff13fa3657&timestamp=1469868469&nonce=252928503&openid=oI96ovxSIIF5Ie0cseZU3G6Y8cFM&encrypt_type=aes&msg_signature=a121ce5255bfd3fffa83262fb0bdae551b32ed7f
INFO: [ app_init ] --START--
INFO: Run Behavior\BuildLiteBehavior [ RunTime:0.000019s ]
INFO: [ app_init ] --END-- [ RunTime:0.000436s ]
INFO: [ app_begin ] --START--
INFO: Run Behavior\ReadHtmlCacheBehavior [ RunTime:0.000642s ]
INFO: [ app_begin ] --END-- [ RunTime:0.000697s ]
INFO: [ app_end ] --START--
INFO: Run Behavior\ShowPageTraceBehavior [ RunTime:0.000615s ]
INFO: [ app_end ] --END-- [ RunTime:0.000700s ]

[ 2016-07-30T16:54:35+08:00 ] 101.226.233.140 /Wechat/index.php/Home/Index/index?signature=96aa998610f76da9e8554073f7c44c6b30f31753&timestamp=1469868873&nonce=33455866&openid=oI96ovxSIIF5Ie0cseZU3G6Y8cFM&encrypt_type=aes&msg_signature=dcb2fd2289c12c488afa9f9a69e148e49b49dc62
INFO: [ app_init ] --START--
INFO: Run Behavior\BuildLiteBehavior [ RunTime:0.000017s ]
INFO: [ app_init ] --END-- [ RunTime:0.000392s ]
INFO: [ app_begin ] --START--
INFO: Run Behavior\ReadHtmlCacheBehavior [ RunTime:0.000619s ]
INFO: [ app_begin ] --END-- [ RunTime:0.000670s ]
INFO: [ app_end ] --START--
INFO: Run Behavior\ShowPageTraceBehavior [ RunTime:0.000521s ]
INFO: [ app_end ] --END-- [ RunTime:0.000583s ]

[ 2016-07-30T17:02:17+08:00 ] 101.226.233.145 /Wechat/index.php/Home/Index/index?signature=305f70505f5669c23283a1cc5980d0e55bbb5205&timestamp=1469869335&nonce=426869830&openid=oI96ovxSIIF5Ie0cseZU3G6Y8cFM&encrypt_type=aes&msg_signature=847abd22515834641d03513431ef955a90f35990
INFO: [ app_init ] --START--
INFO: Run Behavior\BuildLiteBehavior [ RunTime:0.000017s ]
INFO: [ app_init ] --END-- [ RunTime:0.000403s ]
INFO: [ app_begin ] --START--
INFO: Run Behavior\ReadHtmlCacheBehavior [ RunTime:0.000594s ]
INFO: [ app_begin ] --END-- [ RunTime:0.000646s ]
INFO: [ app_end ] --START--
INFO: Run Behavior\ShowPageTraceBehavior [ RunTime:0.000537s ]
INFO: [ app_end ] --END-- [ RunTime:0.000598s ]

[ 2016-07-30T17:02:27+08:00 ] 101.226.233.155 /Wechat/index.php/Home/Index/index?signature=a51d1f0e743920f1d10553e66ae60da8fbec9eee&timestamp=1469869345&nonce=1191769568&openid=oI96ovxSIIF5Ie0cseZU3G6Y8cFM&encrypt_type=aes&msg_signature=9efb139ae32366835bebadb0cf31642987731482
INFO: [ app_init ] --START--
INFO: Run Behavior\BuildLiteBehavior [ RunTime:0.000018s ]
INFO: [ app_init ] --END-- [ RunTime:0.000410s ]
INFO: [ app_begin ] --START--
INFO: Run Behavior\ReadHtmlCacheBehavior [ RunTime:0.000615s ]
INFO: [ app_begin ] --END-- [ RunTime:0.000671s ]
INFO: [ app_end ] --START--
INFO: Run Behavior\ShowPageTraceBehavior [ RunTime:0.000556s ]
INFO: [ app_end ] --END-- [ RunTime:0.000617s ]

[ 2016-07-30T17:03:04+08:00 ] 101.226.233.150 /Wechat/index.php/Home/Index/index?signature=70bddb332cb80dfe5849db0db5c19a5c62f767c1&timestamp=1469869382&nonce=1315615243&openid=oI96ovxSIIF5Ie0cseZU3G6Y8cFM&encrypt_type=aes&msg_signature=d223896ae5cb73144b753b83b01fae9ed06a97c9
INFO: [ app_init ] --START--
INFO: Run Behavior\BuildLiteBehavior [ RunTime:0.000019s ]
INFO: [ app_init ] --END-- [ RunTime:0.000417s ]
INFO: [ app_begin ] --START--
INFO: Run Behavior\ReadHtmlCacheBehavior [ RunTime:0.000631s ]
INFO: [ app_begin ] --END-- [ RunTime:0.000684s ]
INFO: [ app_end ] --START--
INFO: Run Behavior\ShowPageTraceBehavior [ RunTime:0.000564s ]
INFO: [ app_end ] --END-- [ RunTime:0.000621s ]

[ 2016-07-30T17:03:18+08:00 ] 101.226.233.140 /Wechat/index.php/Home/Index/index?signature=54d4623c93fb7f5856a09f3e6ec34ae369496a83&timestamp=1469869396&nonce=1046425259&openid=oI96ovxSIIF5Ie0cseZU3G6Y8cFM&encrypt_type=aes&msg_signature=05d70ab04225e85e0b9bb722a818270663fefdbd
INFO: [ app_init ] --START--
INFO: Run Behavior\BuildLiteBehavior [ RunTime:0.000020s ]
INFO: [ app_init ] --END-- [ RunTime:0.000434s ]
INFO: [ app_begin ] --START--
INFO: Run Behavior\ReadHtmlCacheBehavior [ RunTime:0.000631s ]
INFO: [ app_begin ] --END-- [ RunTime:0.000685s ]
NOTIC: [8] Use of undefined constant time - assumed 'time' /data/home/qxu1606460108/htdocs/Wechat/Application/Home/Controller/IndexController.class.php 第 87 行.
INFO: [ app_end ] --START--
INFO: Run Behavior\ShowPageTraceBehavior [ RunTime:0.000541s ]
INFO: [ app_end ] --END-- [ RunTime:0.000592s ]

[ 2016-07-30T17:03:24+08:00 ] 101.226.233.140 /Wechat/index.php/Home/Index/index?signature=4ca68e46c63bf0673dfd8f59573fd810d390aa2b&timestamp=1469869402&nonce=589804316&openid=oI96ovxSIIF5Ie0cseZU3G6Y8cFM&encrypt_type=aes&msg_signature=67c3fe42e51d8b771ebf215cc4eb4c242cf1d4f2
INFO: [ app_init ] --START--
INFO: Run Behavior\BuildLiteBehavior [ RunTime:0.000017s ]
INFO: [ app_init ] --END-- [ RunTime:0.000388s ]
INFO: [ app_begin ] --START--
INFO: Run Behavior\ReadHtmlCacheBehavior [ RunTime:0.000642s ]
INFO: [ app_begin ] --END-- [ RunTime:0.000699s ]
INFO: [ app_end ] --START--
INFO: Run Behavior\ShowPageTraceBehavior [ RunTime:0.000537s ]
INFO: [ app_end ] --END-- [ RunTime:0.000597s ]

[ 2016-07-30T17:19:01+08:00 ] 101.226.233.155 /Wechat/index.php/Home/Index/index?signature=5429c73dd5e2528cde068ee3c238f7322d385934&timestamp=1469870338&nonce=1792365198&openid=oI96ovxSIIF5Ie0cseZU3G6Y8cFM&encrypt_type=aes&msg_signature=4c2e8774ba627bf901d1d6efa45ac76f36b353c6
INFO: [ app_init ] --START--
INFO: Run Behavior\BuildLiteBehavior [ RunTime:0.000017s ]
INFO: [ app_init ] --END-- [ RunTime:0.000407s ]
INFO: [ app_begin ] --START--
INFO: Run Behavior\ReadHtmlCacheBehavior [ RunTime:0.000632s ]
INFO: [ app_begin ] --END-- [ RunTime:0.000688s ]
INFO: [ app_end ] --START--
INFO: Run Behavior\ShowPageTraceBehavior [ RunTime:0.000602s ]
INFO: [ app_end ] --END-- [ RunTime:0.000660s ]

[ 2016-07-30T18:12:00+08:00 ] 101.226.233.145 /Wechat/index.php/Home/Index/index?signature=b709c10a19f0b4c6222f35536b0fefe50a15cb43&timestamp=1469873518&nonce=148039995&openid=oI96ovxSIIF5Ie0cseZU3G6Y8cFM&encrypt_type=aes&msg_signature=024f494f5e1b671f43d67c1af208db7d1717dcdc
INFO: [ app_init ] --START--
INFO: Run Behavior\BuildLiteBehavior [ RunTime:0.000021s ]
INFO: [ app_init ] --END-- [ RunTime:0.000438s ]
INFO: [ app_begin ] --START--
INFO: Run Behavior\ReadHtmlCacheBehavior [ RunTime:0.000675s ]
INFO: [ app_begin ] --END-- [ RunTime:0.000730s ]
INFO: [ app_end ] --START--
INFO: Run Behavior\ShowPageTraceBehavior [ RunTime:0.000551s ]
INFO: [ app_end ] --END-- [ RunTime:0.000609s ]

[ 2016-07-30T18:15:43+08:00 ] 101.226.233.145 /Wechat/index.php/Home/Index/index?signature=767f87b9d8208fe02fe62038fa8143e33a85e07e&timestamp=1469873741&nonce=1755043960&openid=oI96ovxSIIF5Ie0cseZU3G6Y8cFM&encrypt_type=aes&msg_signature=debf700d1890b7b6ab38dfd2b407721545a78a76
INFO: [ app_init ] --START--
INFO: Run Behavior\BuildLiteBehavior [ RunTime:0.000018s ]
INFO: [ app_init ] --END-- [ RunTime:0.000441s ]
NOTIC: [8] Undefined variable: s /data/home/qxu1606460108/htdocs/Wechat/Application/Common/Conf/const.php 第 14 行.
NOTIC: [8] Undefined variable: s /data/home/qxu1606460108/htdocs/Wechat/Application/Common/Conf/const.php 第 17 行.
NOTIC: [8] Undefined variable: s /data/home/qxu1606460108/htdocs/Wechat/Application/Common/Conf/const.php 第 19 行.
INFO: [ app_begin ] --START--
INFO: Run Behavior\ReadHtmlCacheBehavior [ RunTime:0.000651s ]
INFO: [ app_begin ] --END-- [ RunTime:0.000707s ]
INFO: [ app_end ] --START--
INFO: Run Behavior\ShowPageTraceBehavior [ RunTime:0.000539s ]
INFO: [ app_end ] --END-- [ RunTime:0.000600s ]

[ 2016-07-30T18:15:47+08:00 ] 101.226.233.150 /Wechat/index.php/Home/Index/index?signature=67dfd6b166030c7bb5e38be22cb2579a8f4b14a5&timestamp=1469873745&nonce=796056922&openid=oI96ovxSIIF5Ie0cseZU3G6Y8cFM&encrypt_type=aes&msg_signature=6a3ee1bc431e09716f80c838843d150dc12facdd
INFO: [ app_init ] --START--
INFO: Run Behavior\BuildLiteBehavior [ RunTime:0.000019s ]
INFO: [ app_init ] --END-- [ RunTime:0.000433s ]
NOTIC: [8] Undefined variable: s /data/home/qxu1606460108/htdocs/Wechat/Application/Common/Conf/const.php 第 14 行.
NOTIC: [8] Undefined variable: s /data/home/qxu1606460108/htdocs/Wechat/Application/Common/Conf/const.php 第 17 行.
NOTIC: [8] Undefined variable: s /data/home/qxu1606460108/htdocs/Wechat/Application/Common/Conf/const.php 第 19 行.
INFO: [ app_begin ] --START--
INFO: Run Behavior\ReadHtmlCacheBehavior [ RunTime:0.000645s ]
INFO: [ app_begin ] --END-- [ RunTime:0.000701s ]
INFO: [ app_end ] --START--
INFO: Run Behavior\ShowPageTraceBehavior [ RunTime:0.000528s ]
INFO: [ app_end ] --END-- [ RunTime:0.000587s ]

[ 2016-07-30T18:15:51+08:00 ] 101.226.233.150 /Wechat/index.php/Home/Index/index?signature=1350c541c4d174013cfb9b3d87359045a98ee80e&timestamp=1469873749&nonce=1724733325&openid=oI96ovxSIIF5Ie0cseZU3G6Y8cFM&encrypt_type=aes&msg_signature=57fca40a06e168976da66ede16e2c9454384c75f
INFO: [ app_init ] --START--
INFO: Run Behavior\BuildLiteBehavior [ RunTime:0.000017s ]
INFO: [ app_init ] --END-- [ RunTime:0.000404s ]
NOTIC: [8] Undefined variable: s /data/home/qxu1606460108/htdocs/Wechat/Application/Common/Conf/const.php 第 14 行.
NOTIC: [8] Undefined variable: s /data/home/qxu1606460108/htdocs/Wechat/Application/Common/Conf/const.php 第 17 行.
NOTIC: [8] Undefined variable: s /data/home/qxu1606460108/htdocs/Wechat/Application/Common/Conf/const.php 第 19 行.
INFO: [ app_begin ] --START--
INFO: Run Behavior\ReadHtmlCacheBehavior [ RunTime:0.000637s ]
INFO: [ app_begin ] --END-- [ RunTime:0.000694s ]
INFO: [ app_end ] --START--
INFO: Run Behavior\ShowPageTraceBehavior [ RunTime:0.000528s ]
INFO: [ app_end ] --END-- [ RunTime:0.000586s ]

[ 2016-07-30T18:15:52+08:00 ] 101.226.233.155 /Wechat/index.php/Home/Index/index?signature=532b6eaeaf5dbc9855488777829c1709e57ee08c&timestamp=1469873750&nonce=2125639029&openid=oI96ovxSIIF5Ie0cseZU3G6Y8cFM&encrypt_type=aes&msg_signature=f31731e73306be3cea81cfd343a51c722ee72109
INFO: [ app_init ] --START--
INFO: Run Behavior\BuildLiteBehavior [ RunTime:0.000018s ]
INFO: [ app_init ] --END-- [ RunTime:0.000403s ]
NOTIC: [8] Undefined variable: s /data/home/qxu1606460108/htdocs/Wechat/Application/Common/Conf/const.php 第 14 行.
NOTIC: [8] Undefined variable: s /data/home/qxu1606460108/htdocs/Wechat/Application/Common/Conf/const.php 第 17 行.
NOTIC: [8] Undefined variable: s /data/home/qxu1606460108/htdocs/Wechat/Application/Common/Conf/const.php 第 19 行.
INFO: [ app_begin ] --START--
INFO: Run Behavior\ReadHtmlCacheBehavior [ RunTime:0.000629s ]
INFO: [ app_begin ] --END-- [ RunTime:0.000685s ]
INFO: [ app_end ] --START--
INFO: Run Behavior\ShowPageTraceBehavior [ RunTime:0.000545s ]
INFO: [ app_end ] --END-- [ RunTime:0.000605s ]

[ 2016-07-30T18:16:00+08:00 ] 101.226.233.145 /Wechat/index.php/Home/Index/index?signature=458f8df8d750a4a6dbadfd422188a6ab9fcf591a&timestamp=1469873758&nonce=1720649477&openid=oI96ovxSIIF5Ie0cseZU3G6Y8cFM&encrypt_type=aes&msg_signature=b3c93b43820d37c6157bfb4b968840e819757b94
INFO: [ app_init ] --START--
INFO: Run Behavior\BuildLiteBehavior [ RunTime:0.000018s ]
INFO: [ app_init ] --END-- [ RunTime:0.000414s ]
NOTIC: [8] Undefined variable: s /data/home/qxu1606460108/htdocs/Wechat/Application/Common/Conf/const.php 第 14 行.
NOTIC: [8] Undefined variable: s /data/home/qxu1606460108/htdocs/Wechat/Application/Common/Conf/const.php 第 17 行.
NOTIC: [8] Undefined variable: s /data/home/qxu1606460108/htdocs/Wechat/Application/Common/Conf/const.php 第 19 行.
INFO: [ app_begin ] --START--
INFO: Run Behavior\ReadHtmlCacheBehavior [ RunTime:0.000633s ]
INFO: [ app_begin ] --END-- [ RunTime:0.000689s ]
INFO: [ app_end ] --START--
INFO: Run Behavior\ShowPageTraceBehavior [ RunTime:0.000533s ]
INFO: [ app_end ] --END-- [ RunTime:0.000590s ]

[ 2016-07-30T18:16:16+08:00 ] 101.226.233.145 /Wechat/index.php/Home/Index/index?signature=af6cc8f6fa3743218627848706dbb9c1979159d3&timestamp=1469873774&nonce=1989530441&openid=oI96ovxSIIF5Ie0cseZU3G6Y8cFM&encrypt_type=aes&msg_signature=56347e999ea90b5af00d06e7b3b7b4391b68cfc2
INFO: [ app_init ] --START--
INFO: Run Behavior\BuildLiteBehavior [ RunTime:0.000017s ]
INFO: [ app_init ] --END-- [ RunTime:0.000409s ]
NOTIC: [8] Undefined variable: s /data/home/qxu1606460108/htdocs/Wechat/Application/Common/Conf/const.php 第 14 行.
NOTIC: [8] Undefined variable: s /data/home/qxu1606460108/htdocs/Wechat/Application/Common/Conf/const.php 第 17 行.
NOTIC: [8] Undefined variable: s /data/home/qxu1606460108/htdocs/Wechat/Application/Common/Conf/const.php 第 19 行.
INFO: [ app_begin ] --START--
INFO: Run Behavior\ReadHtmlCacheBehavior [ RunTime:0.000624s ]
INFO: [ app_begin ] --END-- [ RunTime:0.000680s ]
INFO: [ app_end ] --START--
INFO: Run Behavior\ShowPageTraceBehavior [ RunTime:0.000550s ]
INFO: [ app_end ] --END-- [ RunTime:0.000609s ]

[ 2016-07-30T18:16:51+08:00 ] 101.226.233.142 /Wechat/index.php/Home/Index/index?signature=1e4b7a322573c505f0b6caab03f8e34641a7d074&timestamp=1469873809&nonce=1564213497&openid=oI96ovxSIIF5Ie0cseZU3G6Y8cFM&encrypt_type=aes&msg_signature=6036564ce5874afde0296d1fa266643d4e6f90e8
INFO: [ app_init ] --START--
INFO: Run Behavior\BuildLiteBehavior [ RunTime:0.000018s ]
INFO: [ app_init ] --END-- [ RunTime:0.000405s ]
NOTIC: [8] Undefined variable: s /data/home/qxu1606460108/htdocs/Wechat/Application/Common/Conf/const.php 第 14 行.
NOTIC: [8] Undefined variable: s /data/home/qxu1606460108/htdocs/Wechat/Application/Common/Conf/const.php 第 17 行.
NOTIC: [8] Undefined variable: s /data/home/qxu1606460108/htdocs/Wechat/Application/Common/Conf/const.php 第 19 行.
INFO: [ app_begin ] --START--
INFO: Run Behavior\ReadHtmlCacheBehavior [ RunTime:0.000605s ]
INFO: [ app_begin ] --END-- [ RunTime:0.000662s ]
INFO: [ app_end ] --START--
INFO: Run Behavior\ShowPageTraceBehavior [ RunTime:0.000516s ]
INFO: [ app_end ] --END-- [ RunTime:0.000575s ]

[ 2016-07-30T18:17:32+08:00 ] 101.226.233.150 /Wechat/index.php/Home/Index/index?signature=f8197f191e613f3c02c269ff73a05f112ff23998&timestamp=1469873849&nonce=1072203270&openid=oI96ovxSIIF5Ie0cseZU3G6Y8cFM&encrypt_type=aes&msg_signature=4e7457aef9746f2158e34769a903b76efe32289a
INFO: [ app_init ] --START--
INFO: Run Behavior\BuildLiteBehavior [ RunTime:0.000017s ]
INFO: [ app_init ] --END-- [ RunTime:0.000396s ]
NOTIC: [8] Undefined variable: s /data/home/qxu1606460108/htdocs/Wechat/Application/Common/Conf/const.php 第 14 行.
NOTIC: [8] Undefined variable: s /data/home/qxu1606460108/htdocs/Wechat/Application/Common/Conf/const.php 第 17 行.
NOTIC: [8] Undefined variable: s /data/home/qxu1606460108/htdocs/Wechat/Application/Common/Conf/const.php 第 19 行.
INFO: [ app_begin ] --START--
INFO: Run Behavior\ReadHtmlCacheBehavior [ RunTime:0.000650s ]
INFO: [ app_begin ] --END-- [ RunTime:0.000707s ]
INFO: [ app_end ] --START--
INFO: Run Behavior\ShowPageTraceBehavior [ RunTime:0.000521s ]
INFO: [ app_end ] --END-- [ RunTime:0.000580s ]

[ 2016-07-30T18:17:37+08:00 ] 101.226.233.150 /Wechat/index.php/Home/Index/index?signature=962be4b81da1febec353ede224cf50fad8624afa&timestamp=1469873855&nonce=927638849&openid=oI96ovxSIIF5Ie0cseZU3G6Y8cFM&encrypt_type=aes&msg_signature=f815296c5c00cbb2f1b290cc658178613b759f2f
INFO: [ app_init ] --START--
INFO: Run Behavior\BuildLiteBehavior [ RunTime:0.000018s ]
INFO: [ app_init ] --END-- [ RunTime:0.000406s ]
NOTIC: [8] Undefined variable: s /data/home/qxu1606460108/htdocs/Wechat/Application/Common/Conf/const.php 第 14 行.
NOTIC: [8] Undefined variable: s /data/home/qxu1606460108/htdocs/Wechat/Application/Common/Conf/const.php 第 17 行.
NOTIC: [8] Undefined variable: s /data/home/qxu1606460108/htdocs/Wechat/Application/Common/Conf/const.php 第 19 行.
INFO: [ app_begin ] --START--
INFO: Run Behavior\ReadHtmlCacheBehavior [ RunTime:0.000618s ]
INFO: [ app_begin ] --END-- [ RunTime:0.000674s ]
INFO: [ app_end ] --START--
INFO: Run Behavior\ShowPageTraceBehavior [ RunTime:0.000536s ]
INFO: [ app_end ] --END-- [ RunTime:0.000593s ]

[ 2016-07-30T18:17:42+08:00 ] 101.226.233.145 /Wechat/index.php/Home/Index/index?signature=cf7f929d8482a88811a6ee998b1c6e780fbd6bf4&timestamp=1469873860&nonce=761105408&openid=oI96ovxSIIF5Ie0cseZU3G6Y8cFM&encrypt_type=aes&msg_signature=c01cdd95b614857eab4b69dafdc77579ea9c9759
INFO: [ app_init ] --START--
INFO: Run Behavior\BuildLiteBehavior [ RunTime:0.000021s ]
INFO: [ app_init ] --END-- [ RunTime:0.000429s ]
NOTIC: [8] Undefined variable: s /data/home/qxu1606460108/htdocs/Wechat/Application/Common/Conf/const.php 第 14 行.
NOTIC: [8] Undefined variable: s /data/home/qxu1606460108/htdocs/Wechat/Application/Common/Conf/const.php 第 17 行.
NOTIC: [8] Undefined variable: s /data/home/qxu1606460108/htdocs/Wechat/Application/Common/Conf/const.php 第 19 行.
INFO: [ app_begin ] --START--
INFO: Run Behavior\ReadHtmlCacheBehavior [ RunTime:0.000656s ]
INFO: [ app_begin ] --END-- [ RunTime:0.000711s ]
INFO: [ app_end ] --START--
INFO: Run Behavior\ShowPageTraceBehavior [ RunTime:0.000528s ]
INFO: [ app_end ] --END-- [ RunTime:0.000586s ]

[ 2016-07-30T18:17:53+08:00 ] 101.226.233.150 /Wechat/index.php/Home/Index/index?signature=c5c0269dbf023e528ac9c85c4ee591ed75fa357b&timestamp=1469873871&nonce=1663289633&openid=oI96ovxSIIF5Ie0cseZU3G6Y8cFM&encrypt_type=aes&msg_signature=c29e59777ffc6422088da5498666edcf5affe0a4
INFO: [ app_init ] --START--
INFO: Run Behavior\BuildLiteBehavior [ RunTime:0.000019s ]
INFO: [ app_init ] --END-- [ RunTime:0.000419s ]
NOTIC: [8] Undefined variable: s /data/home/qxu1606460108/htdocs/Wechat/Application/Common/Conf/const.php 第 14 行.
NOTIC: [8] Undefined variable: s /data/home/qxu1606460108/htdocs/Wechat/Application/Common/Conf/const.php 第 17 行.
NOTIC: [8] Undefined variable: s /data/home/qxu1606460108/htdocs/Wechat/Application/Common/Conf/const.php 第 19 行.
INFO: [ app_begin ] --START--
INFO: Run Behavior\ReadHtmlCacheBehavior [ RunTime:0.000627s ]
INFO: [ app_begin ] --END-- [ RunTime:0.000684s ]
INFO: [ app_end ] --START--
INFO: Run Behavior\ShowPageTraceBehavior [ RunTime:0.000550s ]
INFO: [ app_end ] --END-- [ RunTime:0.000612s ]

[ 2016-07-30T18:17:57+08:00 ] 101.226.233.155 /Wechat/index.php/Home/Index/index?signature=a8b7950415ff2040e051d6b2712f1a8ba56e0e99&timestamp=1469873875&nonce=513494382&openid=oI96ovxSIIF5Ie0cseZU3G6Y8cFM&encrypt_type=aes&msg_signature=40fc5b707f98bc1178ffc980a32068d58eabf1aa
INFO: [ app_init ] --START--
INFO: Run Behavior\BuildLiteBehavior [ RunTime:0.000016s ]
INFO: [ app_init ] --END-- [ RunTime:0.000395s ]
NOTIC: [8] Undefined variable: s /data/home/qxu1606460108/htdocs/Wechat/Application/Common/Conf/const.php 第 14 行.
NOTIC: [8] Undefined variable: s /data/home/qxu1606460108/htdocs/Wechat/Application/Common/Conf/const.php 第 17 行.
NOTIC: [8] Undefined variable: s /data/home/qxu1606460108/htdocs/Wechat/Application/Common/Conf/const.php 第 19 行.
INFO: [ app_begin ] --START--
INFO: Run Behavior\ReadHtmlCacheBehavior [ RunTime:0.000601s ]
INFO: [ app_begin ] --END-- [ RunTime:0.000661s ]
INFO: [ app_end ] --START--
INFO: Run Behavior\ShowPageTraceBehavior [ RunTime:0.000569s ]
INFO: [ app_end ] --END-- [ RunTime:0.000631s ]

[ 2016-07-30T18:19:05+08:00 ] 101.226.233.140 /Wechat/index.php/Home/Index/index?signature=f16838eaa95131a57422be72e4e39e09ba4baa29&timestamp=1469873943&nonce=1420503555&openid=oI96ovxSIIF5Ie0cseZU3G6Y8cFM&encrypt_type=aes&msg_signature=555e2f432f60bf8deddb8649581fea27d5782fe6
INFO: [ app_init ] --START--
INFO: Run Behavior\BuildLiteBehavior [ RunTime:0.000018s ]
INFO: [ app_init ] --END-- [ RunTime:0.000437s ]
NOTIC: [8] Undefined variable: s /data/home/qxu1606460108/htdocs/Wechat/Application/Common/Conf/const.php 第 14 行.
NOTIC: [8] Undefined variable: s /data/home/qxu1606460108/htdocs/Wechat/Application/Common/Conf/const.php 第 17 行.
NOTIC: [8] Undefined variable: s /data/home/qxu1606460108/htdocs/Wechat/Application/Common/Conf/const.php 第 19 行.
INFO: [ app_begin ] --START--
INFO: Run Behavior\ReadHtmlCacheBehavior [ RunTime:0.000621s ]
INFO: [ app_begin ] --END-- [ RunTime:0.000678s ]
INFO: [ app_end ] --START--
INFO: Run Behavior\ShowPageTraceBehavior [ RunTime:0.000526s ]
INFO: [ app_end ] --END-- [ RunTime:0.000585s ]

[ 2016-07-30T18:19:46+08:00 ] 101.226.233.150 /Wechat/index.php/Home/Index/index?signature=3cfee6c6c1189ee53c28cf53387623f90eea156b&timestamp=1469873984&nonce=1330949096&openid=oI96ovxSIIF5Ie0cseZU3G6Y8cFM&encrypt_type=aes&msg_signature=edbb88d6d0c7b23726cd84296039b30b58293bf8
INFO: [ app_init ] --START--
INFO: Run Behavior\BuildLiteBehavior [ RunTime:0.000017s ]
INFO: [ app_init ] --END-- [ RunTime:0.000414s ]
NOTIC: [8] Undefined variable: s /data/home/qxu1606460108/htdocs/Wechat/Application/Common/Conf/const.php 第 14 行.
NOTIC: [8] Undefined variable: s /data/home/qxu1606460108/htdocs/Wechat/Application/Common/Conf/const.php 第 17 行.
NOTIC: [8] Undefined variable: s /data/home/qxu1606460108/htdocs/Wechat/Application/Common/Conf/const.php 第 19 行.
INFO: [ app_begin ] --START--
INFO: Run Behavior\ReadHtmlCacheBehavior [ RunTime:0.000624s ]
INFO: [ app_begin ] --END-- [ RunTime:0.000680s ]
INFO: [ app_end ] --START--
INFO: Run Behavior\ShowPageTraceBehavior [ RunTime:0.000531s ]
INFO: [ app_end ] --END-- [ RunTime:0.000587s ]

[ 2016-07-30T18:21:01+08:00 ] 101.226.233.140 /Wechat/index.php/Home/Index/index?signature=30f76a58d71b52fe0269a83357bb161ae88534dd&timestamp=1469874059&nonce=355377442&openid=oI96ovxSIIF5Ie0cseZU3G6Y8cFM&encrypt_type=aes&msg_signature=7ad3024b6a681bddc2fd3cfc16902ae2ff834b90
INFO: [ app_init ] --START--
INFO: Run Behavior\BuildLiteBehavior [ RunTime:0.000018s ]
INFO: [ app_init ] --END-- [ RunTime:0.000401s ]
NOTIC: [8] Undefined variable: s /data/home/qxu1606460108/htdocs/Wechat/Application/Common/Conf/const.php 第 14 行.
NOTIC: [8] Undefined variable: s /data/home/qxu1606460108/htdocs/Wechat/Application/Common/Conf/const.php 第 17 行.
NOTIC: [8] Undefined variable: s /data/home/qxu1606460108/htdocs/Wechat/Application/Common/Conf/const.php 第 19 行.
INFO: [ app_begin ] --START--
INFO: Run Behavior\ReadHtmlCacheBehavior [ RunTime:0.000607s ]
INFO: [ app_begin ] --END-- [ RunTime:0.000662s ]
INFO: [ app_end ] --START--
INFO: Run Behavior\ShowPageTraceBehavior [ RunTime:0.000531s ]
INFO: [ app_end ] --END-- [ RunTime:0.000588s ]

[ 2016-07-30T18:21:26+08:00 ] 101.226.233.158 /Wechat/index.php/Home/Index/index?signature=d86ace9192104ebb79f6007302e57bd8d393fd69&timestamp=1469874084&nonce=623365156&openid=oI96ovxSIIF5Ie0cseZU3G6Y8cFM&encrypt_type=aes&msg_signature=7b8b9914021ae7c3956e53cfc56e8abb3e898a6e
INFO: [ app_init ] --START--
INFO: Run Behavior\BuildLiteBehavior [ RunTime:0.000016s ]
INFO: [ app_init ] --END-- [ RunTime:0.000400s ]
NOTIC: [8] Undefined variable: s /data/home/qxu1606460108/htdocs/Wechat/Application/Common/Conf/const.php 第 14 行.
NOTIC: [8] Undefined variable: s /data/home/qxu1606460108/htdocs/Wechat/Application/Common/Conf/const.php 第 17 行.
NOTIC: [8] Undefined variable: s /data/home/qxu1606460108/htdocs/Wechat/Application/Common/Conf/const.php 第 19 行.
INFO: [ app_begin ] --START--
INFO: Run Behavior\ReadHtmlCacheBehavior [ RunTime:0.000620s ]
INFO: [ app_begin ] --END-- [ RunTime:0.000675s ]
INFO: [ app_end ] --START--
INFO: Run Behavior\ShowPageTraceBehavior [ RunTime:0.000538s ]
INFO: [ app_end ] --END-- [ RunTime:0.000616s ]

[ 2016-07-30T18:21:29+08:00 ] 101.226.233.155 /Wechat/index.php/Home/Index/index?signature=9e755bce80048fd46765a952ab07df61d537117a&timestamp=1469874086&nonce=333656214&openid=oI96ovxSIIF5Ie0cseZU3G6Y8cFM&encrypt_type=aes&msg_signature=e1ac86c871c702e91e9b7a898f2a6bec34eeb4d2
INFO: [ app_init ] --START--
INFO: Run Behavior\BuildLiteBehavior [ RunTime:0.000018s ]
INFO: [ app_init ] --END-- [ RunTime:0.000409s ]
NOTIC: [8] Undefined variable: s /data/home/qxu1606460108/htdocs/Wechat/Application/Common/Conf/const.php 第 14 行.
NOTIC: [8] Undefined variable: s /data/home/qxu1606460108/htdocs/Wechat/Application/Common/Conf/const.php 第 17 行.
NOTIC: [8] Undefined variable: s /data/home/qxu1606460108/htdocs/Wechat/Application/Common/Conf/const.php 第 19 行.
INFO: [ app_begin ] --START--
INFO: Run Behavior\ReadHtmlCacheBehavior [ RunTime:0.000615s ]
INFO: [ app_begin ] --END-- [ RunTime:0.000682s ]
INFO: [ app_end ] --START--
INFO: Run Behavior\ShowPageTraceBehavior [ RunTime:0.000545s ]
INFO: [ app_end ] --END-- [ RunTime:0.000615s ]

[ 2016-07-30T18:21:32+08:00 ] 101.226.233.155 /Wechat/index.php/Home/Index/index?signature=1385f7718da327ea2761e687a67ef9846a7e907b&timestamp=1469874089&nonce=364806733&openid=oI96ovxSIIF5Ie0cseZU3G6Y8cFM&encrypt_type=aes&msg_signature=3edc55c20f0984d5acfbc13e657b38531034d544
INFO: [ app_init ] --START--
INFO: Run Behavior\BuildLiteBehavior [ RunTime:0.000016s ]
INFO: [ app_init ] --END-- [ RunTime:0.000389s ]
NOTIC: [8] Undefined variable: s /data/home/qxu1606460108/htdocs/Wechat/Application/Common/Conf/const.php 第 14 行.
NOTIC: [8] Undefined variable: s /data/home/qxu1606460108/htdocs/Wechat/Application/Common/Conf/const.php 第 17 行.
NOTIC: [8] Undefined variable: s /data/home/qxu1606460108/htdocs/Wechat/Application/Common/Conf/const.php 第 19 行.
INFO: [ app_begin ] --START--
INFO: Run Behavior\ReadHtmlCacheBehavior [ RunTime:0.000616s ]
INFO: [ app_begin ] --END-- [ RunTime:0.000680s ]
INFO: [ app_end ] --START--
INFO: Run Behavior\ShowPageTraceBehavior [ RunTime:0.000547s ]
INFO: [ app_end ] --END-- [ RunTime:0.000605s ]

[ 2016-07-30T18:26:02+08:00 ] 101.226.233.145 /Wechat/index.php/Home/Index/index?signature=76e855ea0046d408ba404dfa92535e15f8304d1e&timestamp=1469874359&nonce=620535983&openid=oI96ovxSIIF5Ie0cseZU3G6Y8cFM&encrypt_type=aes&msg_signature=7d1356b89538d4897cae471d31f6c7dff2b2fa2f
INFO: [ app_init ] --START--
INFO: Run Behavior\BuildLiteBehavior [ RunTime:0.000027s ]
INFO: [ app_init ] --END-- [ RunTime:0.000616s ]
NOTIC: [8] Undefined variable: s /data/home/qxu1606460108/htdocs/Wechat/Application/Common/Conf/const.php 第 14 行.
NOTIC: [8] Undefined variable: s /data/home/qxu1606460108/htdocs/Wechat/Application/Common/Conf/const.php 第 17 行.
NOTIC: [8] Undefined variable: s /data/home/qxu1606460108/htdocs/Wechat/Application/Common/Conf/const.php 第 19 行.
INFO: [ app_begin ] --START--
INFO: Run Behavior\ReadHtmlCacheBehavior [ RunTime:0.000711s ]
INFO: [ app_begin ] --END-- [ RunTime:0.000780s ]
INFO: [ app_end ] --START--
INFO: Run Behavior\ShowPageTraceBehavior [ RunTime:0.000563s ]
INFO: [ app_end ] --END-- [ RunTime:0.000641s ]

[ 2016-07-30T18:26:06+08:00 ] 101.226.233.155 /Wechat/index.php/Home/Index/index?signature=1c7020921730edf9ef400ac24ce7e81bac5c261b&timestamp=1469874363&nonce=1930509491&openid=oI96ovxSIIF5Ie0cseZU3G6Y8cFM&encrypt_type=aes&msg_signature=b4046da60c3ee6988b7f04bcb143ab66c72cb81c
INFO: [ app_init ] --START--
INFO: Run Behavior\BuildLiteBehavior [ RunTime:0.000017s ]
INFO: [ app_init ] --END-- [ RunTime:0.000410s ]
NOTIC: [8] Undefined variable: s /data/home/qxu1606460108/htdocs/Wechat/Application/Common/Conf/const.php 第 14 行.
NOTIC: [8] Undefined variable: s /data/home/qxu1606460108/htdocs/Wechat/Application/Common/Conf/const.php 第 17 行.
NOTIC: [8] Undefined variable: s /data/home/qxu1606460108/htdocs/Wechat/Application/Common/Conf/const.php 第 19 行.
INFO: [ app_begin ] --START--
INFO: Run Behavior\ReadHtmlCacheBehavior [ RunTime:0.000624s ]
INFO: [ app_begin ] --END-- [ RunTime:0.000681s ]
INFO: [ app_end ] --START--
INFO: Run Behavior\ShowPageTraceBehavior [ RunTime:0.000534s ]
INFO: [ app_end ] --END-- [ RunTime:0.000592s ]

[ 2016-07-30T18:30:08+08:00 ] 101.226.233.140 /Wechat/index.php/Home/Index/index?signature=b68493be9e7dc1822ae1d02c82798908d03be210&timestamp=1469874606&nonce=89135721&openid=oI96ovxSIIF5Ie0cseZU3G6Y8cFM&encrypt_type=aes&msg_signature=5988dc0717a33dd8cf36406a075a312d2a1413ce
INFO: [ app_init ] --START--
INFO: Run Behavior\BuildLiteBehavior [ RunTime:0.000017s ]
INFO: [ app_init ] --END-- [ RunTime:0.000401s ]
NOTIC: [8] Undefined variable: s /data/home/qxu1606460108/htdocs/Wechat/Application/Common/Conf/const.php 第 14 行.
NOTIC: [8] Undefined variable: s /data/home/qxu1606460108/htdocs/Wechat/Application/Common/Conf/const.php 第 17 行.
NOTIC: [8] Undefined variable: s /data/home/qxu1606460108/htdocs/Wechat/Application/Common/Conf/const.php 第 19 行.
INFO: [ app_begin ] --START--
INFO: Run Behavior\ReadHtmlCacheBehavior [ RunTime:0.000615s ]
INFO: [ app_begin ] --END-- [ RunTime:0.000671s ]
INFO: [ app_end ] --START--
INFO: Run Behavior\ShowPageTraceBehavior [ RunTime:0.000601s ]
INFO: [ app_end ] --END-- [ RunTime:0.000668s ]

[ 2016-07-30T18:30:13+08:00 ] 101.226.233.155 /Wechat/index.php/Home/Index/index?signature=3f6b283767f3267d82ff860f73a09a00c6dd0fa9&timestamp=1469874610&nonce=957231445&openid=oI96ovxSIIF5Ie0cseZU3G6Y8cFM&encrypt_type=aes&msg_signature=1fae0f9a9c75d6488e078f36fd74a46beb358d7b
INFO: [ app_init ] --START--
INFO: Run Behavior\BuildLiteBehavior [ RunTime:0.000020s ]
INFO: [ app_init ] --END-- [ RunTime:0.000419s ]
NOTIC: [8] Undefined variable: s /data/home/qxu1606460108/htdocs/Wechat/Application/Common/Conf/const.php 第 14 行.
NOTIC: [8] Undefined variable: s /data/home/qxu1606460108/htdocs/Wechat/Application/Common/Conf/const.php 第 17 行.
NOTIC: [8] Undefined variable: s /data/home/qxu1606460108/htdocs/Wechat/Application/Common/Conf/const.php 第 19 行.
INFO: [ app_begin ] --START--
INFO: Run Behavior\ReadHtmlCacheBehavior [ RunTime:0.000647s ]
INFO: [ app_begin ] --END-- [ RunTime:0.000704s ]
INFO: [ app_end ] --START--
INFO: Run Behavior\ShowPageTraceBehavior [ RunTime:0.000555s ]
INFO: [ app_end ] --END-- [ RunTime:0.000612s ]

[ 2016-07-30T18:30:18+08:00 ] 101.226.233.155 /Wechat/index.php/Home/Index/index?signature=6f35a71b06a07782be3671e37eec3c76953abb0e&timestamp=1469874616&nonce=1233959634&openid=oI96ovxSIIF5Ie0cseZU3G6Y8cFM&encrypt_type=aes&msg_signature=fa2c2a633619f93c3691b3761191d20b6d324c1a
INFO: [ app_init ] --START--
INFO: Run Behavior\BuildLiteBehavior [ RunTime:0.000019s ]
INFO: [ app_init ] --END-- [ RunTime:0.000402s ]
NOTIC: [8] Undefined variable: s /data/home/qxu1606460108/htdocs/Wechat/Application/Common/Conf/const.php 第 14 行.
NOTIC: [8] Undefined variable: s /data/home/qxu1606460108/htdocs/Wechat/Application/Common/Conf/const.php 第 17 行.
NOTIC: [8] Undefined variable: s /data/home/qxu1606460108/htdocs/Wechat/Application/Common/Conf/const.php 第 19 行.
INFO: [ app_begin ] --START--
INFO: Run Behavior\ReadHtmlCacheBehavior [ RunTime:0.000620s ]
INFO: [ app_begin ] --END-- [ RunTime:0.000676s ]
INFO: [ app_end ] --START--
INFO: Run Behavior\ShowPageTraceBehavior [ RunTime:0.000551s ]
INFO: [ app_end ] --END-- [ RunTime:0.000610s ]

[ 2016-07-30T19:07:56+08:00 ] 101.226.233.150 /Wechat/index.php/Home/Index/index?signature=4c40e1b59f87516ecbf66a74585bf1fb7272d72b&timestamp=1469876873&nonce=1356976731&openid=oI96ovxSIIF5Ie0cseZU3G6Y8cFM&encrypt_type=aes&msg_signature=e1dc0af36e9c12cd3a41b7c62bbffb2b556f8b65
INFO: [ app_init ] --START--
INFO: Run Behavior\BuildLiteBehavior [ RunTime:0.000018s ]
INFO: [ app_init ] --END-- [ RunTime:0.000415s ]
NOTIC: [8] Undefined variable: s /data/home/qxu1606460108/htdocs/Wechat/Application/Common/Conf/const.php 第 14 行.
NOTIC: [8] Undefined variable: s /data/home/qxu1606460108/htdocs/Wechat/Application/Common/Conf/const.php 第 17 行.
NOTIC: [8] Undefined variable: s /data/home/qxu1606460108/htdocs/Wechat/Application/Common/Conf/const.php 第 19 行.
INFO: [ app_begin ] --START--
INFO: Run Behavior\ReadHtmlCacheBehavior [ RunTime:0.000636s ]
INFO: [ app_begin ] --END-- [ RunTime:0.000692s ]
INFO: [ app_end ] --START--
INFO: Run Behavior\ShowPageTraceBehavior [ RunTime:0.000541s ]
INFO: [ app_end ] --END-- [ RunTime:0.000599s ]

[ 2016-07-30T19:07:58+08:00 ] 101.226.233.140 /Wechat/index.php/Home/Index/index?signature=2be64586dcdecfd24bb59ce459a6df03d45bb7d6&timestamp=1469876876&nonce=1781645528&openid=oI96ovxSIIF5Ie0cseZU3G6Y8cFM&encrypt_type=aes&msg_signature=d7997a569feaa59a2359fbc7baf41aa8e441984e
INFO: [ app_init ] --START--
INFO: Run Behavior\BuildLiteBehavior [ RunTime:0.000021s ]
INFO: [ app_init ] --END-- [ RunTime:0.000427s ]
NOTIC: [8] Undefined variable: s /data/home/qxu1606460108/htdocs/Wechat/Application/Common/Conf/const.php 第 14 行.
NOTIC: [8] Undefined variable: s /data/home/qxu1606460108/htdocs/Wechat/Application/Common/Conf/const.php 第 17 行.
NOTIC: [8] Undefined variable: s /data/home/qxu1606460108/htdocs/Wechat/Application/Common/Conf/const.php 第 19 行.
INFO: [ app_begin ] --START--
INFO: Run Behavior\ReadHtmlCacheBehavior [ RunTime:0.000612s ]
INFO: [ app_begin ] --END-- [ RunTime:0.000672s ]
INFO: [ app_end ] --START--
INFO: Run Behavior\ShowPageTraceBehavior [ RunTime:0.000528s ]
INFO: [ app_end ] --END-- [ RunTime:0.000582s ]

[ 2016-07-30T19:08:00+08:00 ] 101.226.233.140 /Wechat/index.php/Home/Index/index?signature=5475ae768e4c9a6487b7b107f117c349cf1fa3f5&timestamp=1469876878&nonce=998975046&openid=oI96ovxSIIF5Ie0cseZU3G6Y8cFM&encrypt_type=aes&msg_signature=f92b525f94b32ab5d6669c9dc8bd15a8311997d2
INFO: [ app_init ] --START--
INFO: Run Behavior\BuildLiteBehavior [ RunTime:0.000018s ]
INFO: [ app_init ] --END-- [ RunTime:0.000407s ]
NOTIC: [8] Undefined variable: s /data/home/qxu1606460108/htdocs/Wechat/Application/Common/Conf/const.php 第 14 行.
NOTIC: [8] Undefined variable: s /data/home/qxu1606460108/htdocs/Wechat/Application/Common/Conf/const.php 第 17 行.
NOTIC: [8] Undefined variable: s /data/home/qxu1606460108/htdocs/Wechat/Application/Common/Conf/const.php 第 19 行.
INFO: [ app_begin ] --START--
INFO: Run Behavior\ReadHtmlCacheBehavior [ RunTime:0.000611s ]
INFO: [ app_begin ] --END-- [ RunTime:0.000667s ]
INFO: [ app_end ] --START--
INFO: Run Behavior\ShowPageTraceBehavior [ RunTime:0.000537s ]
INFO: [ app_end ] --END-- [ RunTime:0.000594s ]

[ 2016-07-30T19:08:04+08:00 ] 101.226.233.150 /Wechat/index.php/Home/Index/index?signature=91b920943633bfa22b3aea9404f77e1cbb9ace80&timestamp=1469876881&nonce=93937021&openid=oI96ovxSIIF5Ie0cseZU3G6Y8cFM&encrypt_type=aes&msg_signature=64bbcd2bde31fe0aa4cdf52ba1cbb2166fe2dda0
INFO: [ app_init ] --START--
INFO: Run Behavior\BuildLiteBehavior [ RunTime:0.000017s ]
INFO: [ app_init ] --END-- [ RunTime:0.000405s ]
NOTIC: [8] Undefined variable: s /data/home/qxu1606460108/htdocs/Wechat/Application/Common/Conf/const.php 第 14 行.
NOTIC: [8] Undefined variable: s /data/home/qxu1606460108/htdocs/Wechat/Application/Common/Conf/const.php 第 17 行.
NOTIC: [8] Undefined variable: s /data/home/qxu1606460108/htdocs/Wechat/Application/Common/Conf/const.php 第 19 行.
INFO: [ app_begin ] --START--
INFO: Run Behavior\ReadHtmlCacheBehavior [ RunTime:0.000614s ]
INFO: [ app_begin ] --END-- [ RunTime:0.000668s ]
NOTIC: [8] Undefined index: title /data/home/qxu1606460108/htdocs/Wechat/Application/Home/Controller/IndexController.class.php 第 103 行.
NOTIC: [8] Undefined index: title /data/home/qxu1606460108/htdocs/Wechat/Application/Home/Controller/IndexController.class.php 第 103 行.
NOTIC: [8] Undefined index: title /data/home/qxu1606460108/htdocs/Wechat/Application/Home/Controller/IndexController.class.php 第 103 行.
INFO: [ app_end ] --START--
INFO: Run Behavior\ShowPageTraceBehavior [ RunTime:0.000535s ]
INFO: [ app_end ] --END-- [ RunTime:0.000585s ]

[ 2016-07-30T19:09:30+08:00 ] 115.202.117.57 /Wechat/index.php
INFO: [ app_init ] --START--
INFO: Run Behavior\BuildLiteBehavior [ RunTime:0.000016s ]
INFO: [ app_init ] --END-- [ RunTime:0.000399s ]
NOTIC: [8] Undefined variable: s /data/home/qxu1606460108/htdocs/Wechat/Application/Common/Conf/const.php 第 14 行.
NOTIC: [8] Undefined variable: s /data/home/qxu1606460108/htdocs/Wechat/Application/Common/Conf/const.php 第 17 行.
NOTIC: [8] Undefined variable: s /data/home/qxu1606460108/htdocs/Wechat/Application/Common/Conf/const.php 第 19 行.
INFO: [ app_begin ] --START--
INFO: Run Behavior\ReadHtmlCacheBehavior [ RunTime:0.000660s ]
INFO: [ app_begin ] --END-- [ RunTime:0.000718s ]
NOTIC: [8] Undefined index: HTTP_RAW_POST_DATA /data/home/qxu1606460108/htdocs/Wechat/Application/Home/Controller/IndexController.class.php 第 52 行.

[ 2016-07-30T19:12:03+08:00 ] 101.226.233.150 /Wechat/index.php/Home/Index/index?signature=8ffc3de0e77ff3e3b6068419c94fac4dc96bd46b&timestamp=1469877120&nonce=293128391&openid=oI96ovxSIIF5Ie0cseZU3G6Y8cFM&encrypt_type=aes&msg_signature=ea0028825a1b4e82eba42f8ba13eaa3c65ef6dc8
INFO: [ app_init ] --START--
INFO: Run Behavior\BuildLiteBehavior [ RunTime:0.000017s ]
INFO: [ app_init ] --END-- [ RunTime:0.000404s ]
NOTIC: [8] Undefined variable: s /data/home/qxu1606460108/htdocs/Wechat/Application/Common/Conf/const.php 第 14 行.
NOTIC: [8] Undefined variable: s /data/home/qxu1606460108/htdocs/Wechat/Application/Common/Conf/const.php 第 17 行.
NOTIC: [8] Undefined variable: s /data/home/qxu1606460108/htdocs/Wechat/Application/Common/Conf/const.php 第 19 行.
INFO: [ app_begin ] --START--
INFO: Run Behavior\ReadHtmlCacheBehavior [ RunTime:0.000604s ]
INFO: [ app_begin ] --END-- [ RunTime:0.000660s ]
NOTIC: [8] Undefined index: title /data/home/qxu1606460108/htdocs/Wechat/Application/Home/Controller/IndexController.class.php 第 103 行.
NOTIC: [8] Undefined index: title /data/home/qxu1606460108/htdocs/Wechat/Application/Home/Controller/IndexController.class.php 第 103 行.
NOTIC: [8] Undefined index: title /data/home/qxu1606460108/htdocs/Wechat/Application/Home/Controller/IndexController.class.php 第 103 行.
INFO: [ app_end ] --START--
INFO: Run Behavior\ShowPageTraceBehavior [ RunTime:0.000543s ]
INFO: [ app_end ] --END-- [ RunTime:0.000595s ]

[ 2016-07-30T19:13:56+08:00 ] 101.226.233.145 /Wechat/index.php/Home/Index/index?signature=fc17514570e7f6d3879c2195b228c20cbb7d0cb3&timestamp=1469877234&nonce=1310467652&openid=oI96ovxSIIF5Ie0cseZU3G6Y8cFM&encrypt_type=aes&msg_signature=0ad5b700ccea4800f08da5486b7da39220e667e4
INFO: [ app_init ] --START--
INFO: Run Behavior\BuildLiteBehavior [ RunTime:0.000018s ]
INFO: [ app_init ] --END-- [ RunTime:0.000397s ]
NOTIC: [8] Undefined variable: s /data/home/qxu1606460108/htdocs/Wechat/Application/Common/Conf/const.php 第 14 行.
NOTIC: [8] Undefined variable: s /data/home/qxu1606460108/htdocs/Wechat/Application/Common/Conf/const.php 第 17 行.
NOTIC: [8] Undefined variable: s /data/home/qxu1606460108/htdocs/Wechat/Application/Common/Conf/const.php 第 19 行.
INFO: [ app_begin ] --START--
INFO: Run Behavior\ReadHtmlCacheBehavior [ RunTime:0.000629s ]
INFO: [ app_begin ] --END-- [ RunTime:0.000685s ]
NOTIC: [8] Undefined index: title /data/home/qxu1606460108/htdocs/Wechat/Application/Home/Controller/IndexController.class.php 第 103 行.
NOTIC: [8] Undefined index: title /data/home/qxu1606460108/htdocs/Wechat/Application/Home/Controller/IndexController.class.php 第 103 行.
NOTIC: [8] Undefined index: title /data/home/qxu1606460108/htdocs/Wechat/Application/Home/Controller/IndexController.class.php 第 103 行.
INFO: [ app_end ] --START--
INFO: Run Behavior\ShowPageTraceBehavior [ RunTime:0.000556s ]
INFO: [ app_end ] --END-- [ RunTime:0.000607s ]

[ 2016-07-30T19:14:51+08:00 ] 101.226.233.150 /Wechat/index.php/Home/Index/index?signature=4c93e78c27c31471e63c6afed22d0cadb3d5ef30&timestamp=1469877288&nonce=1166183690&openid=oI96ovxSIIF5Ie0cseZU3G6Y8cFM&encrypt_type=aes&msg_signature=c5ec91a395d0f5cf8f44d25d2debb086862bf52e
INFO: [ app_init ] --START--
INFO: Run Behavior\BuildLiteBehavior [ RunTime:0.000017s ]
INFO: [ app_init ] --END-- [ RunTime:0.000417s ]
NOTIC: [8] Undefined variable: s /data/home/qxu1606460108/htdocs/Wechat/Application/Common/Conf/const.php 第 14 行.
NOTIC: [8] Undefined variable: s /data/home/qxu1606460108/htdocs/Wechat/Application/Common/Conf/const.php 第 17 行.
NOTIC: [8] Undefined variable: s /data/home/qxu1606460108/htdocs/Wechat/Application/Common/Conf/const.php 第 19 行.
INFO: [ app_begin ] --START--
INFO: Run Behavior\ReadHtmlCacheBehavior [ RunTime:0.000653s ]
INFO: [ app_begin ] --END-- [ RunTime:0.000714s ]
INFO: [ app_end ] --START--
INFO: Run Behavior\ShowPageTraceBehavior [ RunTime:0.000557s ]
INFO: [ app_end ] --END-- [ RunTime:0.000617s ]

[ 2016-07-30T19:16:34+08:00 ] 101.226.233.140 /Wechat/index.php/Home/Index/index?signature=474558f71a4db897e16a76bb6e415c2f57143f18&timestamp=1469877391&nonce=1170578664&openid=oI96ovxSIIF5Ie0cseZU3G6Y8cFM&encrypt_type=aes&msg_signature=6f1da91797ca97fcc851e570b0fb22109f15b2d4
INFO: [ app_init ] --START--
INFO: Run Behavior\BuildLiteBehavior [ RunTime:0.000017s ]
INFO: [ app_init ] --END-- [ RunTime:0.000410s ]
NOTIC: [8] Undefined variable: s /data/home/qxu1606460108/htdocs/Wechat/Application/Common/Conf/const.php 第 14 行.
NOTIC: [8] Undefined variable: s /data/home/qxu1606460108/htdocs/Wechat/Application/Common/Conf/const.php 第 17 行.
NOTIC: [8] Undefined variable: s /data/home/qxu1606460108/htdocs/Wechat/Application/Common/Conf/const.php 第 19 行.
INFO: [ app_begin ] --START--
INFO: Run Behavior\ReadHtmlCacheBehavior [ RunTime:0.000634s ]
INFO: [ app_begin ] --END-- [ RunTime:0.000690s ]
INFO: [ app_end ] --START--
INFO: Run Behavior\ShowPageTraceBehavior [ RunTime:0.000514s ]
INFO: [ app_end ] --END-- [ RunTime:0.000571s ]

[ 2016-07-30T19:17:16+08:00 ] 101.226.233.140 /Wechat/index.php/Home/Index/index?signature=c6448a6690b5e6ddb5a7523e638eeaa07077c10d&timestamp=1469877433&nonce=1419155468&openid=oI96ovxSIIF5Ie0cseZU3G6Y8cFM&encrypt_type=aes&msg_signature=289c67e452dc897c9e138540471413cf245f039a
INFO: [ app_init ] --START--
INFO: Run Behavior\BuildLiteBehavior [ RunTime:0.000017s ]
INFO: [ app_init ] --END-- [ RunTime:0.000419s ]
NOTIC: [8] Undefined variable: s /data/home/qxu1606460108/htdocs/Wechat/Application/Common/Conf/const.php 第 14 行.
NOTIC: [8] Undefined variable: s /data/home/qxu1606460108/htdocs/Wechat/Application/Common/Conf/const.php 第 17 行.
NOTIC: [8] Undefined variable: s /data/home/qxu1606460108/htdocs/Wechat/Application/Common/Conf/const.php 第 19 行.
INFO: [ app_begin ] --START--
INFO: Run Behavior\ReadHtmlCacheBehavior [ RunTime:0.000629s ]
INFO: [ app_begin ] --END-- [ RunTime:0.000685s ]
INFO: [ app_end ] --START--
INFO: Run Behavior\ShowPageTraceBehavior [ RunTime:0.000531s ]
INFO: [ app_end ] --END-- [ RunTime:0.000598s ]

[ 2016-07-30T19:17:31+08:00 ] 101.226.233.150 /Wechat/index.php/Home/Index/index?signature=a363229f496ac755aa573f597f9465b087f40ece&timestamp=1469877449&nonce=1454501385&openid=oI96ovxSIIF5Ie0cseZU3G6Y8cFM&encrypt_type=aes&msg_signature=ea84ff22812869055b2a249f44a56795202f1430
INFO: [ app_init ] --START--
INFO: Run Behavior\BuildLiteBehavior [ RunTime:0.000017s ]
INFO: [ app_init ] --END-- [ RunTime:0.000424s ]
NOTIC: [8] Undefined variable: s /data/home/qxu1606460108/htdocs/Wechat/Application/Common/Conf/const.php 第 14 行.
NOTIC: [8] Undefined variable: s /data/home/qxu1606460108/htdocs/Wechat/Application/Common/Conf/const.php 第 17 行.
NOTIC: [8] Undefined variable: s /data/home/qxu1606460108/htdocs/Wechat/Application/Common/Conf/const.php 第 19 行.
INFO: [ app_begin ] --START--
INFO: Run Behavior\ReadHtmlCacheBehavior [ RunTime:0.000696s ]
INFO: [ app_begin ] --END-- [ RunTime:0.000788s ]
INFO: [ app_end ] --START--
INFO: Run Behavior\ShowPageTraceBehavior [ RunTime:0.000536s ]
INFO: [ app_end ] --END-- [ RunTime:0.000618s ]

[ 2016-07-30T19:17:53+08:00 ] 101.226.233.145 /Wechat/index.php/Home/Index/index?signature=5b7f49339d339d5cc3f5810672d7f573cd649631&timestamp=1469877470&nonce=1447848460&openid=oI96ovxSIIF5Ie0cseZU3G6Y8cFM&encrypt_type=aes&msg_signature=5756fc44a62b1b22b5043be89d70bb40c4ae50ac
INFO: [ app_init ] --START--
INFO: Run Behavior\BuildLiteBehavior [ RunTime:0.000022s ]
INFO: [ app_init ] --END-- [ RunTime:0.000444s ]
NOTIC: [8] Undefined variable: s /data/home/qxu1606460108/htdocs/Wechat/Application/Common/Conf/const.php 第 14 行.
NOTIC: [8] Undefined variable: s /data/home/qxu1606460108/htdocs/Wechat/Application/Common/Conf/const.php 第 17 行.
NOTIC: [8] Undefined variable: s /data/home/qxu1606460108/htdocs/Wechat/Application/Common/Conf/const.php 第 19 行.
INFO: [ app_begin ] --START--
INFO: Run Behavior\ReadHtmlCacheBehavior [ RunTime:0.000660s ]
INFO: [ app_begin ] --END-- [ RunTime:0.000717s ]
INFO: [ app_end ] --START--
INFO: Run Behavior\ShowPageTraceBehavior [ RunTime:0.000552s ]
INFO: [ app_end ] --END-- [ RunTime:0.000615s ]

[ 2016-07-30T19:18:03+08:00 ] 101.226.233.150 /Wechat/index.php/Home/Index/index?signature=91699fed8322e847a4262b693c0636b0a5dea764&timestamp=1469877480&nonce=1041863877&openid=oI96ovxSIIF5Ie0cseZU3G6Y8cFM&encrypt_type=aes&msg_signature=9eeb9f8775f80e6574aab935de5b5fa6a1cd100f
INFO: [ app_init ] --START--
INFO: Run Behavior\BuildLiteBehavior [ RunTime:0.000017s ]
INFO: [ app_init ] --END-- [ RunTime:0.000404s ]
NOTIC: [8] Undefined variable: s /data/home/qxu1606460108/htdocs/Wechat/Application/Common/Conf/const.php 第 14 行.
NOTIC: [8] Undefined variable: s /data/home/qxu1606460108/htdocs/Wechat/Application/Common/Conf/const.php 第 17 行.
NOTIC: [8] Undefined variable: s /data/home/qxu1606460108/htdocs/Wechat/Application/Common/Conf/const.php 第 19 行.
INFO: [ app_begin ] --START--
INFO: Run Behavior\ReadHtmlCacheBehavior [ RunTime:0.000650s ]
INFO: [ app_begin ] --END-- [ RunTime:0.000707s ]
INFO: [ app_end ] --START--
INFO: Run Behavior\ShowPageTraceBehavior [ RunTime:0.000541s ]
INFO: [ app_end ] --END-- [ RunTime:0.000605s ]

